<?xml version="1.0" encoding="UTF-8"?>
<robot generator="Robot 7.4.2 (Python 3.14.7 on win32)" generated="2026-08-23T18:12:12.220919" rpa="false" schemaversion="5">
<suite id="s1" name="Posts By User" source="C:\Users\Patch\Downloads\exam_patcharaphol\testscript\api\posts_by_user.robot">
<test id="s1-t1" name="Group Posts By User ID" line="5">
<group name="Retrieve JSON data from API">
<kw name="GET" owner="RequestsLibrary">
<msg time="2026-08-23T18:12:12.380690" level="INFO">GET Request : url=https://jsonplaceholder.typicode.com/posts 
 path_url=/posts 
 headers={'User-Agent': 'python-requests/2.34.2', 'Accept-Encoding': 'gzip, deflate, zstd', 'Accept': '*/*', 'Connection': 'keep-alive'} 
 body=None 
 </msg>
<msg time="2026-08-23T18:12:12.380856" level="INFO">GET Response : url=https://jsonplaceholder.typicode.com/posts 
 status=200, reason=OK 
 headers={'Date': 'Sun, 23 Aug 2026 11:12:06 GMT', 'Content-Type': 'application/json; charset=utf-8', 'Transfer-Encoding': 'chunked', 'Connection': 'keep-alive', 'access-control-allow-credentials': 'true', 'Cache-Control': 'max-age=43200', 'Content-Encoding': 'gzip', 'etag': 'W/"6b80-Ybsq/K6GwwqrYkAsFxqDXGC7DoM"', 'expires': '-1', 'nel': '{"report_to":"heroku-nel","response_headers":["Via"],"max_age":3600,"success_fraction":0.01,"failure_fraction":0.1}', 'pragma': 'no-cache', 'report-to': '{"group":"heroku-nel","endpoints":[{"url":"https://nel.heroku.com/reports?s=%2FB9PQmv9jlxnG5C5KzZs5A%2Bl62u%2FzyHDVRJ5IWFrnsU%3D\\u0026sid=e11707d5-02a7-43ef-b45e-2cf4d2036f7d\\u0026ts=1787242154"}],"max_age":3600}', 'reporting-endpoints': 'heroku-nel="https://nel.heroku.com/reports?s=%2FB9PQmv9jlxnG5C5KzZs5A%2Bl62u%2FzyHDVRJ5IWFrnsU%3D&amp;sid=e11707d5-02a7-43ef-b45e-2cf4d2036f7d&amp;ts=1787242154"', 'Server': 'cloudflare', 'vary': 'Origin, Accept-Encoding', 'via': '2.0 heroku-router', 'x-content-type-options': 'nosniff', 'x-powered-by': 'Express', 'x-ratelimit-limit': '1000', 'x-ratelimit-remaining': '998', 'x-ratelimit-reset': '1787242155', 'Age': '29', 'cf-cache-status': 'HIT', 'CF-RAY': 'a2f9ae288a468975-BKK', 'alt-svc': 'h3=":443"; ma=86400'} 
 body=[
  {
    "userId": 1,
    "id": 1,
    "title": "sunt aut facere repellat provident occaecati excepturi optio reprehenderit",
    "body": "quia et suscipit\nsuscipit recusandae consequuntur expedita et cum\nreprehenderit molestiae ut ut quas totam\nnostrum rerum est autem sunt rem eveniet architecto"
  },
  {
    "userId": 1,
    "id": 2,
    "title": "qui est esse",
    "body": "est rerum tempore vitae\nsequi sint nihil reprehenderit dolor beatae ea dolores neque\nfugiat blanditiis voluptate porro vel nihil molestiae ut reiciendis\nqui aperiam non debitis possimus qui neque nisi nulla"
  },
  {
    "userId": 1,
    "id": 3,
    "title": "ea molestias quasi exercitationem repellat qui ipsa sit aut",
    "body": "et iusto sed quo iure\nvoluptatem occaecati omnis eligendi aut ad\nvoluptatem doloribus vel accusantium quis pariatur\nmolestiae porro eius odio et labore et velit aut"
  },
  {
    "userId": 1,
    "id": 4,
    "title": "eum et est occaecati",
    "body": "ullam et saepe reiciendis voluptatem adipisci\nsit amet autem assumenda provident rerum culpa\nquis hic commodi nesciunt rem tenetur doloremque ipsam iure\nquis sunt voluptatem rerum illo velit"
  },
  {
    "userId": 1,
    "id": 5,
    "title": "nesciunt quas odio",
    "body": "repudiandae veniam quaerat sunt sed\nalias aut fugiat sit autem sed est\nvoluptatem omnis possimus esse voluptatibus quis\nest aut tenetur dolor neque"
  },
  {
    "userId": 1,
    "id": 6,
    "title": "dolorem eum magni eos aperiam quia",
    "body": "ut aspernatur corporis harum nihil quis provident sequi\nmollitia nobis aliquid molestiae\nperspiciatis et ea nemo ab reprehenderit accusantium quas\nvoluptate dolores velit et doloremque molestiae"
  },
  {
    "userId": 1,
    "id": 7,
    "title": "magnam facilis autem",
    "body": "dolore placeat quibusdam ea quo vitae\nmagni quis enim qui quis quo nemo aut saepe\nquidem repellat excepturi ut quia\nsunt ut sequi eos ea sed quas"
  },
  {
    "userId": 1,
    "id": 8,
    "title": "dolorem dolore est ipsam",
    "body": "dignissimos aperiam dolorem qui eum\nfacilis quibusdam animi sint suscipit qui sint possimus cum\nquaerat magni maiores excepturi\nipsam ut commodi dolor voluptatum modi aut vitae"
  },
  {
    "userId": 1,
    "id": 9,
    "title": "nesciunt iure omnis dolorem tempora et accusantium",
    "body": "consectetur animi nesciunt iure dolore\nenim quia ad\nveniam autem ut quam aut nobis\net est aut quod aut provident voluptas autem voluptas"
  },
  {
    "userId": 1,
    "id": 10,
    "title": "optio molestias id quia eum",
    "body": "quo et expedita modi cum officia vel magni\ndoloribus qui repudiandae\nvero nisi sit\nquos veniam quod sed accusamus veritatis error"
  },
  {
    "userId": 2,
    "id": 11,
    "title": "et ea vero quia laudantium autem",
    "body": "delectus reiciendis molestiae occaecati non minima eveniet qui voluptatibus\naccusamus in eum beatae sit\nvel qui neque voluptates ut commodi qui incidunt\nut animi commodi"
  },
  {
    "userId": 2,
    "id": 12,
    "title": "in quibusdam tempore odit est dolorem",
    "body": "itaque id aut magnam\npraesentium quia et ea odit et ea voluptas et\nsapiente quia nihil amet occaecati quia id voluptatem\nincidunt ea est distinctio odio"
  },
  {
    "userId": 2,
    "id": 13,
    "title": "dolorum ut in voluptas mollitia et saepe quo animi",
    "body": "aut dicta possimus sint mollitia voluptas commodi quo doloremque\niste corrupti reiciendis voluptatem eius rerum\nsit cumque quod eligendi laborum minima\nperferendis recusandae assumenda consectetur porro architecto ipsum ipsam"
  },
  {
    "userId": 2,
    "id": 14,
    "title": "voluptatem eligendi optio",
    "body": "fuga et accusamus dolorum perferendis illo voluptas\nnon doloremque neque facere\nad qui dolorum molestiae beatae\nsed aut voluptas totam sit illum"
  },
  {
    "userId": 2,
    "id": 15,
    "title": "eveniet quod temporibus",
    "body": "reprehenderit quos placeat\nvelit minima officia dolores impedit repudiandae molestiae nam\nvoluptas recusandae quis delectus\nofficiis harum fugiat vitae"
  },
  {
    "userId": 2,
    "id": 16,
    "title": "sint suscipit perspiciatis velit dolorum rerum ipsa laboriosam odio",
    "body": "suscipit nam nisi quo aperiam aut\nasperiores eos fugit maiores voluptatibus quia\nvoluptatem quis ullam qui in alias quia est\nconsequatur magni mollitia accusamus ea nisi voluptate dicta"
  },
  {
    "userId": 2,
    "id": 17,
    "title": "fugit voluptas sed molestias voluptatem provident",
    "body": "eos voluptas et aut odit natus earum\naspernatur fuga molestiae ullam\ndeserunt ratione qui eos\nqui nihil ratione nemo velit ut aut id quo"
  },
  {
    "userId": 2,
    "id": 18,
    "title": "voluptate et itaque vero tempora molestiae",
    "body": "eveniet quo quis\nlaborum totam consequatur non dolor\nut et est repudiandae\nest voluptatem vel debitis et magnam"
  },
  {
    "userId": 2,
    "id": 19,
    "title": "adipisci placeat illum aut reiciendis qui",
    "body": "illum quis cupiditate provident sit magnam\nea sed aut omnis\nveniam maiores ullam consequatur atque\nadipisci quo iste expedita sit quos voluptas"
  },
  {
    "userId": 2,
    "id": 20,
    "title": "doloribus ad provident suscipit at",
    "body": "qui consequuntur ducimus possimus quisquam amet similique\nsuscipit porro ipsam amet\neos veritatis officiis exercitationem vel fugit aut necessitatibus totam\nomnis rerum consequatur expedita quidem cumque explicabo"
  },
  {
    "userId": 3,
    "id": 21,
    "title": "asperiores ea ipsam voluptatibus modi minima quia sint",
    "body": "repellat aliquid praesentium dolorem quo\nsed totam minus non itaque\nnihil labore molestiae sunt dolor eveniet hic recusandae veniam\ntempora et tenetur expedita sunt"
  },
  {
    "userId": 3,
    "id": 22,
    "title": "dolor sint quo a velit explicabo quia nam",
    "body": "eos qui et ipsum ipsam suscipit aut\nsed omnis non odio\nexpedita earum mollitia molestiae aut atque rem suscipit\nnam impedit esse"
  },
  {
    "userId": 3,
    "id": 23,
    "title": "maxime id vitae nihil numquam",
    "body": "veritatis unde neque eligendi\nquae quod architecto quo neque vitae\nest illo sit tempora doloremque fugit quod\net et vel beatae sequi ullam sed tenetur perspiciatis"
  },
  {
    "userId": 3,
    "id": 24,
    "title": "autem hic labore sunt dolores incidunt",
    "body": "enim et ex nulla\nomnis voluptas quia qui\nvoluptatem consequatur numquam aliquam sunt\ntotam recusandae id dignissimos aut sed asperiores deserunt"
  },
  {
    "userId": 3,
    "id": 25,
    "title": "rem alias distinctio quo quis",
    "body": "ullam consequatur ut\nomnis quis sit vel consequuntur\nipsa eligendi ipsum molestiae et omnis error nostrum\nmolestiae illo tempore quia et distinctio"
  },
  {
    "userId": 3,
    "id": 26,
    "title": "est et quae odit qui non",
    "body": "similique esse doloribus nihil accusamus\nomnis dolorem fuga consequuntur reprehenderit fugit recusandae temporibus\nperspiciatis cum ut laudantium\nomnis aut molestiae vel vero"
  },
  {
    "userId": 3,
    "id": 27,
    "title": "quasi id et eos tenetur aut quo autem",
    "body": "eum sed dolores ipsam sint possimus debitis occaecati\ndebitis qui qui et\nut placeat enim earum aut odit facilis\nconsequatur suscipit necessitatibus rerum sed inventore temporibus consequatur"
  },
  {
    "userId": 3,
    "id": 28,
    "title": "delectus ullam et corporis nulla voluptas sequi",
    "body": "non et quaerat ex quae ad maiores\nmaiores recusandae totam aut blanditiis mollitia quas illo\nut voluptatibus voluptatem\nsimilique nostrum eum"
  },
  {
    "userId": 3,
    "id": 29,
    "title": "iusto eius quod necessitatibus culpa ea",
    "body": "odit magnam ut saepe sed non qui\ntempora atque nihil\naccusamus illum doloribus illo dolor\neligendi repudiandae odit magni similique sed cum maiores"
  },
  {
    "userId": 3,
    "id": 30,
    "title": "a quo magni similique perferendis",
    "body": "alias dolor cumque\nimpedit blanditiis non eveniet odio maxime\nblanditiis amet eius quis tempora quia autem rem\na provident perspiciatis quia"
  },
  {
    "userId": 4,
    "id": 31,
    "title": "ullam ut quidem id aut vel consequuntur",
    "body": "debitis eius sed quibusdam non quis consectetur vitae\nimpedit ut qui consequatur sed aut in\nquidem sit nostrum et maiores adipisci atque\nquaerat voluptatem adipisci repudiandae"
  },
  {
    "userId": 4,
    "id": 32,
    "title": "doloremque illum aliquid sunt",
    "body": "deserunt eos nobis asperiores et hic\nest debitis repellat molestiae optio\nnihil ratione ut eos beatae quibusdam distinctio maiores\nearum voluptates et aut adipisci ea maiores voluptas maxime"
  },
  {
    "userId": 4,
    "id": 33,
    "title": "qui explicabo molestiae dolorem",
    "body": "rerum ut et numquam laborum odit est sit\nid qui sint in\nquasi tenetur tempore aperiam et quaerat qui in\nrerum officiis sequi cumque quod"
  },
  {
    "userId": 4,
    "id": 34,
    "title": "magnam ut rerum iure",
    "body": "ea velit perferendis earum ut voluptatem voluptate itaque iusto\ntotam pariatur in\nnemo voluptatem voluptatem autem magni tempora minima in\nest distinctio qui assumenda accusamus dignissimos officia nesciunt nobis"
  },
  {
    "userId": 4,
    "id": 35,
    "title": "id nihil consequatur molestias animi provident",
    "body": "nisi error delectus possimus ut eligendi vitae\nplaceat eos harum cupiditate facilis reprehenderit voluptatem beatae\nmodi ducimus quo illum voluptas eligendi\net nobis quia fugit"
  },
  {
    "userId": 4,
    "id": 36,
    "title": "fuga nam accusamus voluptas reiciendis itaque",
    "body": "ad mollitia et omnis minus architecto odit\nvoluptas doloremque maxime aut non ipsa qui alias veniam\nblanditiis culpa aut quia nihil cumque facere et occaecati\nqui aspernatur quia eaque ut aperiam inventore"
  },
  {
    "userId": 4,
    "id": 37,
    "title": "provident vel ut sit ratione est... (set the log level to DEBUG or TRACE to see the full content) 
 </msg>
<msg time="2026-08-23T18:12:12.381071" level="INFO">${response} = &lt;Response [200]&gt;</msg>
<var>${response}</var>
<arg>${BASE_URL}${ENDPOINT}</arg>
<doc>Sends a GET request.</doc>
<status status="PASS" start="2026-08-23T18:12:12.315411" elapsed="0.065685"/>
</kw>
<kw name="Should Be Equal As Integers" owner="BuiltIn">
<msg time="2026-08-23T18:12:12.381842" level="INFO">Argument types are:
&lt;class 'int'&gt;
&lt;class 'str'&gt;</msg>
<arg>${response.status_code}</arg>
<arg>200</arg>
<doc>Fails if objects are unequal after converting them to integers.</doc>
<status status="PASS" start="2026-08-23T18:12:12.381243" elapsed="0.000651"/>
</kw>
<status status="PASS" start="2026-08-23T18:12:12.314957" elapsed="0.066974"/>
</group>
<group name="Convert response JSON">
<kw name="Evaluate" owner="BuiltIn">
<msg time="2026-08-23T18:12:12.382955" level="INFO">${posts} = [{'userId': 1, 'id': 1, 'title': 'sunt aut facere repellat provident occaecati excepturi optio reprehenderit', 'body': 'quia et suscipit\nsuscipit recusandae consequuntur expedita et cum\nreprehenderi...</msg>
<var>${posts}</var>
<arg>$response.json()</arg>
<doc>Evaluates the given expression in Python and returns the result.</doc>
<status status="PASS" start="2026-08-23T18:12:12.382177" elapsed="0.000804"/>
</kw>
<status status="PASS" start="2026-08-23T18:12:12.382088" elapsed="0.000923"/>
</group>
<group name="Group posts by userId and create the required output">
<kw name="Group Posts By User ID" owner="api_keyword">
<kw name="Create Dictionary" owner="BuiltIn">
<msg time="2026-08-23T18:12:12.383880" level="INFO">${grouped} = {}</msg>
<var>${grouped}</var>
<doc>Creates and returns a dictionary based on the given ``items``.</doc>
<status status="PASS" start="2026-08-23T18:12:12.383661" elapsed="0.000238"/>
</kw>
<for flavor="IN">
<iter>
<kw name="Get From Dictionary" owner="Collections">
<msg time="2026-08-23T18:12:12.384264" level="INFO">${user_id} = 1</msg>
<var>${user_id}</var>
<arg>${post}</arg>
<arg>userId</arg>
<doc>Returns a value from the given ``dictionary`` based on the given ``key``.</doc>
<status status="PASS" start="2026-08-23T18:12:12.384151" elapsed="0.000129"/>
</kw>
<kw name="Get From Dictionary" owner="Collections">
<msg time="2026-08-23T18:12:12.384471" level="INFO">${title} = sunt aut facere repellat provident occaecati excepturi optio reprehenderit</msg>
<var>${title}</var>
<arg>${post}</arg>
<arg>title</arg>
<doc>Returns a value from the given ``dictionary`` based on the given ``key``.</doc>
<status status="PASS" start="2026-08-23T18:12:12.384350" elapsed="0.000136"/>
</kw>
<kw name="Run Keyword And Return Status" owner="BuiltIn">
<kw name="Dictionary Should Contain Key" owner="Collections">
<msg time="2026-08-23T18:12:12.384931" level="FAIL">Dictionary does not contain key '1'.</msg>
<arg>${grouped}</arg>
<arg>${user_id}</arg>
<doc>Fails if ``key`` is not found from ``dictionary``.</doc>
<status status="FAIL" start="2026-08-23T18:12:12.384754" elapsed="0.000277">Dictionary does not contain key '1'.</status>
</kw>
<msg time="2026-08-23T18:12:12.385095" level="INFO">${exists} = False</msg>
<var>${exists}</var>
<arg>Dictionary Should Contain Key</arg>
<arg>${grouped}</arg>
<arg>${user_id}</arg>
<doc>Runs the specified keyword and returns the status as a Boolean value.</doc>
<status status="PASS" start="2026-08-23T18:12:12.384561" elapsed="0.000548"/>
</kw>
<if>
<branch type="IF" condition="${exists}">
<kw name="Get From Dictionary" owner="Collections">
<var>${user_data}</var>
<arg>${grouped}</arg>
<arg>${user_id}</arg>
<doc>Returns a value from the given ``dictionary`` based on the given ``key``.</doc>
<status status="NOT RUN" start="2026-08-23T18:12:12.385253" elapsed="0.000011"/>
</kw>
<kw name="Get From Dictionary" owner="Collections">
<var>${titles}</var>
<arg>${user_data}</arg>
<arg>titles</arg>
<doc>Returns a value from the given ``dictionary`` based on the given ``key``.</doc>
<status status="NOT RUN" start="2026-08-23T18:12:12.385319" elapsed="0.000010"/>
</kw>
<kw name="Append To List" owner="Collections">
<arg>${titles}</arg>
<arg>${title}</arg>
<doc>Adds ``values`` to the end of ``list``.</doc>
<status status="NOT RUN" start="2026-08-23T18:12:12.385376" elapsed="0.000009"/>
</kw>
<kw name="Get From Dictionary" owner="Collections">
<var>${count}</var>
<arg>${user_data}</arg>
<arg>totalPosts</arg>
<doc>Returns a value from the given ``dictionary`` based on the given ``key``.</doc>
<status status="NOT RUN" start="2026-08-23T18:12:12.385430" elapsed="0.000009"/>
</kw>
<kw name="Evaluate" owner="BuiltIn">
<var>${count}</var>
<arg>${count} + 1</arg>
<doc>Evaluates the given expression in Python and returns the result.</doc>
<status status="NOT RUN" start="2026-08-23T18:12:12.385486" elapsed="0.000011"/>
</kw>
<kw name="Set To Dictionary" owner="Collections">
<arg>${user_data}</arg>
<arg>totalPosts=${count}</arg>
<doc>Adds the given ``key_value_pairs`` and/or ``items`` to the ``dictionary``.</doc>
<status status="NOT RUN" start="2026-08-23T18:12:12.385543" elapsed="0.000010"/>
</kw>
<status status="NOT RUN" start="2026-08-23T18:12:12.385166" elapsed="0.000403"/>
</branch>
<branch type="ELSE">
<kw name="Create List" owner="BuiltIn">
<msg time="2026-08-23T18:12:12.385810" level="INFO">${titles} = ['sunt aut facere repellat provident occaecati excepturi optio reprehenderit']</msg>
<var>${titles}</var>
<arg>${title}</arg>
<doc>Returns a list containing given items.</doc>
<status status="PASS" start="2026-08-23T18:12:12.385639" elapsed="0.000187"/>
</kw>
<kw name="Create Dictionary" owner="BuiltIn">
<msg time="2026-08-23T18:12:12.386361" level="INFO">${user_data} = {'userId': 1, 'titles': ['sunt aut facere repellat provident occaecati excepturi optio reprehenderit'], 'totalPosts': 1}</msg>
<var>${user_data}</var>
<arg>userId=${user_id}</arg>
<arg>titles=${titles}</arg>
<arg>totalPosts=${1}</arg>
<doc>Creates and returns a dictionary based on the given ``items``.</doc>
<status status="PASS" start="2026-08-23T18:12:12.385885" elapsed="0.000496"/>
</kw>
<kw name="Set To Dictionary" owner="Collections">
<arg>${grouped}</arg>
<arg>${user_id}</arg>
<arg>${user_data}</arg>
<doc>Adds the given ``key_value_pairs`` and/or ``items`` to the ``dictionary``.</doc>
<status status="PASS" start="2026-08-23T18:12:12.386452" elapsed="0.000295"/>
</kw>
<status status="PASS" start="2026-08-23T18:12:12.385587" elapsed="0.001210"/>
</branch>
<status status="PASS" start="2026-08-23T18:12:12.385149" elapsed="0.001673"/>
</if>
<var name="${post}">{'userId': 1, 'id': 1, 'title': 'sunt aut facere repellat provident occaecati excepturi optio reprehenderit', 'body': 'quia et suscipit\nsuscipit recusandae consequuntur expedita et cum\nreprehenderit...</var>
<status status="PASS" start="2026-08-23T18:12:12.384096" elapsed="0.002763"/>
</iter>
<iter>
<kw name="Get From Dictionary" owner="Collections">
<msg time="2026-08-23T18:12:12.387285" level="INFO">${user_id} = 1</msg>
<var>${user_id}</var>
<arg>${post}</arg>
<arg>userId</arg>
<doc>Returns a value from the given ``dictionary`` based on the given ``key``.</doc>
<status status="PASS" start="2026-08-23T18:12:12.387151" elapsed="0.000152"/>
</kw>
<kw name="Get From Dictionary" owner="Collections">
<msg time="2026-08-23T18:12:12.387473" level="INFO">${title} = qui est esse</msg>
<var>${title}</var>
<arg>${post}</arg>
<arg>title</arg>
<doc>Returns a value from the given ``dictionary`` based on the given ``key``.</doc>
<status status="PASS" start="2026-08-23T18:12:12.387371" elapsed="0.000116"/>
</kw>
<kw name="Run Keyword And Return Status" owner="BuiltIn">
<kw name="Dictionary Should Contain Key" owner="Collections">
<arg>${grouped}</arg>
<arg>${user_id}</arg>
<doc>Fails if ``key`` is not found from ``dictionary``.</doc>
<status status="PASS" start="2026-08-23T18:12:12.387726" elapsed="0.000099"/>
</kw>
<msg time="2026-08-23T18:12:12.387875" level="INFO">${exists} = True</msg>
<var>${exists}</var>
<arg>Dictionary Should Contain Key</arg>
<arg>${grouped}</arg>
<arg>${user_id}</arg>
<doc>Runs the specified keyword and returns the status as a Boolean value.</doc>
<status status="PASS" start="2026-08-23T18:12:12.387549" elapsed="0.000339"/>
</kw>
<if>
<branch type="IF" condition="${exists}">
<kw name="Get From Dictionary" owner="Collections">
<msg time="2026-08-23T18:12:12.388139" level="INFO">${user_data} = {'userId': 1, 'titles': ['sunt aut facere repellat provident occaecati excepturi optio reprehenderit'], 'totalPosts': 1}</msg>
<var>${user_data}</var>
<arg>${grouped}</arg>
<arg>${user_id}</arg>
<doc>Returns a value from the given ``dictionary`` based on the given ``key``.</doc>
<status status="PASS" start="2026-08-23T18:12:12.388026" elapsed="0.000129"/>
</kw>
<kw name="Get From Dictionary" owner="Collections">
<msg time="2026-08-23T18:12:12.388296" level="INFO">${titles} = ['sunt aut facere repellat provident occaecati excepturi optio reprehenderit']</msg>
<var>${titles}</var>
<arg>${user_data}</arg>
<arg>titles</arg>
<doc>Returns a value from the given ``dictionary`` based on the given ``key``.</doc>
<status status="PASS" start="2026-08-23T18:12:12.388209" elapsed="0.000101"/>
</kw>
<kw name="Append To List" owner="Collections">
<arg>${titles}</arg>
<arg>${title}</arg>
<doc>Adds ``values`` to the end of ``list``.</doc>
<status status="PASS" start="2026-08-23T18:12:12.388361" elapsed="0.000113"/>
</kw>
<kw name="Get From Dictionary" owner="Collections">
<msg time="2026-08-23T18:12:12.388630" level="INFO">${count} = 1</msg>
<var>${count}</var>
<arg>${user_data}</arg>
<arg>totalPosts</arg>
<doc>Returns a value from the given ``dictionary`` based on the given ``key``.</doc>
<status status="PASS" start="2026-08-23T18:12:12.388536" elapsed="0.000108"/>
</kw>
<kw name="Evaluate" owner="BuiltIn">
<msg time="2026-08-23T18:12:12.388896" level="INFO">${count} = 2</msg>
<var>${count}</var>
<arg>${count} + 1</arg>
<doc>Evaluates the given expression in Python and returns the result.</doc>
<status status="PASS" start="2026-08-23T18:12:12.388702" elapsed="0.000209"/>
</kw>
<kw name="Set To Dictionary" owner="Collections">
<arg>${user_data}</arg>
<arg>totalPosts=${count}</arg>
<doc>Adds the given ``key_value_pairs`` and/or ``items`` to the ``dictionary``.</doc>
<status status="PASS" start="2026-08-23T18:12:12.388966" elapsed="0.000126"/>
</kw>
<status status="PASS" start="2026-08-23T18:12:12.387953" elapsed="0.001162"/>
</branch>
<branch type="ELSE">
<kw name="Create List" owner="BuiltIn">
<var>${titles}</var>
<arg>${title}</arg>
<doc>Returns a list containing given items.</doc>
<status status="NOT RUN" start="2026-08-23T18:12:12.389185" elapsed="0.000010"/>
</kw>
<kw name="Create Dictionary" owner="BuiltIn">
<var>${user_data}</var>
<arg>userId=${user_id}</arg>
<arg>titles=${titles}</arg>
<arg>totalPosts=${1}</arg>
<doc>Creates and returns a dictionary based on the given ``items``.</doc>
<status status="NOT RUN" start="2026-08-23T18:12:12.389248" elapsed="0.000010"/>
</kw>
<kw name="Set To Dictionary" owner="Collections">
<arg>${grouped}</arg>
<arg>${user_id}</arg>
<arg>${user_data}</arg>
<doc>Adds the given ``key_value_pairs`` and/or ``items`` to the ``dictionary``.</doc>
<status status="NOT RUN" start="2026-08-23T18:12:12.389305" elapsed="0.000010"/>
</kw>
<status status="NOT RUN" start="2026-08-23T18:12:12.389132" elapsed="0.000202"/>
</branch>
<status status="PASS" start="2026-08-23T18:12:12.387940" elapsed="0.001406"/>
</if>
<var name="${post}">{'userId': 1, 'id': 2, 'title': 'qui est esse', 'body': 'est rerum tempore vitae\nsequi sint nihil reprehenderit dolor beatae ea dolores neque\nfugiat blanditiis voluptate porro vel nihil molestiae ut...</var>
<status status="PASS" start="2026-08-23T18:12:12.387059" elapsed="0.002302"/>
</iter>
<iter>
<kw name="Get From Dictionary" owner="Collections">
<msg time="2026-08-23T18:12:12.389624" level="INFO">${user_id} = 1</msg>
<var>${user_id}</var>
<arg>${post}</arg>
<arg>userId</arg>
<doc>Returns a value from the given ``dictionary`` based on the given ``key``.</doc>
<status status="PASS" start="2026-08-23T18:12:12.389520" elapsed="0.000119"/>
</kw>
<kw name="Get From Dictionary" owner="Collections">
<msg time="2026-08-23T18:12:12.389779" level="INFO">${title} = ea molestias quasi exercitationem repellat qui ipsa sit aut</msg>
<var>${title}</var>
<arg>${post}</arg>
<arg>title</arg>
<doc>Returns a value from the given ``dictionary`` based on the given ``key``.</doc>
<status status="PASS" start="2026-08-23T18:12:12.389693" elapsed="0.000101"/>
</kw>
<kw name="Run Keyword And Return Status" owner="BuiltIn">
<kw name="Dictionary Should Contain Key" owner="Collections">
<arg>${grouped}</arg>
<arg>${user_id}</arg>
<doc>Fails if ``key`` is not found from ``dictionary``.</doc>
<status status="PASS" start="2026-08-23T18:12:12.390013" elapsed="0.000097"/>
</kw>
<msg time="2026-08-23T18:12:12.390156" level="INFO">${exists} = True</msg>
<var>${exists}</var>
<arg>Dictionary Should Contain Key</arg>
<arg>${grouped}</arg>
<arg>${user_id}</arg>
<doc>Runs the specified keyword and returns the status as a Boolean value.</doc>
<status status="PASS" start="2026-08-23T18:12:12.389849" elapsed="0.000319"/>
</kw>
<if>
<branch type="IF" condition="${exists}">
<kw name="Get From Dictionary" owner="Collections">
<msg time="2026-08-23T18:12:12.390376" level="INFO">${user_data} = {'userId': 1, 'titles': ['sunt aut facere repellat provident occaecati excepturi optio reprehenderit', 'qui est esse'], 'totalPosts': 2}</msg>
<var>${user_data}</var>
<arg>${grouped}</arg>
<arg>${user_id}</arg>
<doc>Returns a value from the given ``dictionary`` based on the given ``key``.</doc>
<status status="PASS" start="2026-08-23T18:12:12.390276" elapsed="0.000114"/>
</kw>
<kw name="Get From Dictionary" owner="Collections">
<msg time="2026-08-23T18:12:12.390530" level="INFO">${titles} = ['sunt aut facere repellat provident occaecati excepturi optio reprehenderit', 'qui est esse']</msg>
<var>${titles}</var>
<arg>${user_data}</arg>
<arg>titles</arg>
<doc>Returns a value from the given ``dictionary`` based on the given ``key``.</doc>
<status status="PASS" start="2026-08-23T18:12:12.390442" elapsed="0.000101"/>
</kw>
<kw name="Append To List" owner="Collections">
<arg>${titles}</arg>
<arg>${title}</arg>
<doc>Adds ``values`` to the end of ``list``.</doc>
<status status="PASS" start="2026-08-23T18:12:12.390593" elapsed="0.000254"/>
</kw>
<kw name="Get From Dictionary" owner="Collections">
<msg time="2026-08-23T18:12:12.391217" level="INFO">${count} = 2</msg>
<var>${count}</var>
<arg>${user_data}</arg>
<arg>totalPosts</arg>
<doc>Returns a value from the given ``dictionary`` based on the given ``key``.</doc>
<status status="PASS" start="2026-08-23T18:12:12.390985" elapsed="0.000300"/>
</kw>
<kw name="Evaluate" owner="BuiltIn">
<msg time="2026-08-23T18:12:12.392069" level="INFO">${count} = 3</msg>
<var>${count}</var>
<arg>${count} + 1</arg>
<doc>Evaluates the given expression in Python and returns the result.</doc>
<status status="PASS" start="2026-08-23T18:12:12.391529" elapsed="0.000557"/>
</kw>
<kw name="Set To Dictionary" owner="Collections">
<arg>${user_data}</arg>
<arg>totalPosts=${count}</arg>
<doc>Adds the given ``key_value_pairs`` and/or ``items`` to the ``dictionary``.</doc>
<status status="PASS" start="2026-08-23T18:12:12.392150" elapsed="0.000173"/>
</kw>
<status status="PASS" start="2026-08-23T18:12:12.390208" elapsed="0.002149"/>
</branch>
<branch type="ELSE">
<kw name="Create List" owner="BuiltIn">
<var>${titles}</var>
<arg>${title}</arg>
<doc>Returns a list containing given items.</doc>
<status status="NOT RUN" start="2026-08-23T18:12:12.392465" elapsed="0.000017"/>
</kw>
<kw name="Create Dictionary" owner="BuiltIn">
<var>${user_data}</var>
<arg>userId=${user_id}</arg>
<arg>titles=${titles}</arg>
<arg>totalPosts=${1}</arg>
<doc>Creates and returns a dictionary based on the given ``items``.</doc>
<status status="NOT RUN" start="2026-08-23T18:12:12.392561" elapsed="0.000021"/>
</kw>
<kw name="Set To Dictionary" owner="Collections">
<arg>${grouped}</arg>
<arg>${user_id}</arg>
<arg>${user_data}</arg>
<doc>Adds the given ``key_value_pairs`` and/or ``items`` to the ``dictionary``.</doc>
<status status="NOT RUN" start="2026-08-23T18:12:12.392681" elapsed="0.000016"/>
</kw>
<status status="NOT RUN" start="2026-08-23T18:12:12.392386" elapsed="0.000358"/>
</branch>
<status status="PASS" start="2026-08-23T18:12:12.390198" elapsed="0.002568"/>
</if>
<var name="${post}">{'userId': 1, 'id': 3, 'title': 'ea molestias quasi exercitationem repellat qui ipsa sit aut', 'body': 'et iusto sed quo iure\nvoluptatem occaecati omnis eligendi aut ad\nvoluptatem doloribus vel accu...</var>
<status status="PASS" start="2026-08-23T18:12:12.389475" elapsed="0.003316"/>
</iter>
<iter>
<kw name="Get From Dictionary" owner="Collections">
<msg time="2026-08-23T18:12:12.393210" level="INFO">${user_id} = 1</msg>
<var>${user_id}</var>
<arg>${post}</arg>
<arg>userId</arg>
<doc>Returns a value from the given ``dictionary`` based on the given ``key``.</doc>
<status status="PASS" start="2026-08-23T18:12:12.393022" elapsed="0.000218"/>
</kw>
<kw name="Get From Dictionary" owner="Collections">
<msg time="2026-08-23T18:12:12.393592" level="INFO">${title} = eum et est occaecati</msg>
<var>${title}</var>
<arg>${post}</arg>
<arg>title</arg>
<doc>Returns a value from the given ``dictionary`` based on the given ``key``.</doc>
<status status="PASS" start="2026-08-23T18:12:12.393412" elapsed="0.000226"/>
</kw>
<kw name="Run Keyword And Return Status" owner="BuiltIn">
<kw name="Dictionary Should Contain Key" owner="Collections">
<arg>${grouped}</arg>
<arg>${user_id}</arg>
<doc>Fails if ``key`` is not found from ``dictionary``.</doc>
<status status="PASS" start="2026-08-23T18:12:12.394012" elapsed="0.000217"/>
</kw>
<msg time="2026-08-23T18:12:12.394418" level="INFO">${exists} = True</msg>
<var>${exists}</var>
<arg>Dictionary Should Contain Key</arg>
<arg>${grouped}</arg>
<arg>${user_id}</arg>
<doc>Runs the specified keyword and returns the status as a Boolean value.</doc>
<status status="PASS" start="2026-08-23T18:12:12.393760" elapsed="0.000703"/>
</kw>
<if>
<branch type="IF" condition="${exists}">
<kw name="Get From Dictionary" owner="Collections">
<msg time="2026-08-23T18:12:12.395368" level="INFO">${user_data} = {'userId': 1, 'titles': ['sunt aut facere repellat provident occaecati excepturi optio reprehenderit', 'qui est esse', 'ea molestias quasi exercitationem repellat qui ipsa sit aut'], 'totalPosts': 3}</msg>
<var>${user_data}</var>
<arg>${grouped}</arg>
<arg>${user_id}</arg>
<doc>Returns a value from the given ``dictionary`` based on the given ``key``.</doc>
<status status="PASS" start="2026-08-23T18:12:12.395165" elapsed="0.000233"/>
</kw>
<kw name="Get From Dictionary" owner="Collections">
<msg time="2026-08-23T18:12:12.395735" level="INFO">${titles} = ['sunt aut facere repellat provident occaecati excepturi optio reprehenderit', 'qui est esse', 'ea molestias quasi exercitationem repellat qui ipsa sit aut']</msg>
<var>${titles}</var>
<arg>${user_data}</arg>
<arg>titles</arg>
<doc>Returns a value from the given ``dictionary`` based on the given ``key``.</doc>
<status status="PASS" start="2026-08-23T18:12:12.395537" elapsed="0.000228"/>
</kw>
<kw name="Append To List" owner="Collections">
<arg>${titles}</arg>
<arg>${title}</arg>
<doc>Adds ``values`` to the end of ``list``.</doc>
<status status="PASS" start="2026-08-23T18:12:12.395881" elapsed="0.000208"/>
</kw>
<kw name="Get From Dictionary" owner="Collections">
<msg time="2026-08-23T18:12:12.396549" level="INFO">${count} = 3</msg>
<var>${count}</var>
<arg>${user_data}</arg>
<arg>totalPosts</arg>
<doc>Returns a value from the given ``dictionary`` based on the given ``key``.</doc>
<status status="PASS" start="2026-08-23T18:12:12.396223" elapsed="0.000368"/>
</kw>
<kw name="Evaluate" owner="BuiltIn">
<msg time="2026-08-23T18:12:12.397197" level="INFO">${count} = 4</msg>
<var>${count}</var>
<arg>${count} + 1</arg>
<doc>Evaluates the given expression in Python and returns the result.</doc>
<status status="PASS" start="2026-08-23T18:12:12.396734" elapsed="0.000495"/>
</kw>
<kw name="Set To Dictionary" owner="Collections">
<arg>${user_data}</arg>
<arg>totalPosts=${count}</arg>
<doc>Adds the given ``key_value_pairs`` and/or ``items`` to the ``dictionary``.</doc>
<status status="PASS" start="2026-08-23T18:12:12.397344" elapsed="0.000277"/>
</kw>
<status status="PASS" start="2026-08-23T18:12:12.394724" elapsed="0.002948"/>
</branch>
<branch type="ELSE">
<kw name="Create List" owner="BuiltIn">
<var>${titles}</var>
<arg>${title}</arg>
<doc>Returns a list containing given items.</doc>
<status status="NOT RUN" start="2026-08-23T18:12:12.397849" elapsed="0.000024"/>
</kw>
<kw name="Create Dictionary" owner="BuiltIn">
<var>${user_data}</var>
<arg>userId=${user_id}</arg>
<arg>titles=${titles}</arg>
<arg>totalPosts=${1}</arg>
<doc>Creates and returns a dictionary based on the given ``items``.</doc>
<status status="NOT RUN" start="2026-08-23T18:12:12.397991" elapsed="0.000020"/>
</kw>
<kw name="Set To Dictionary" owner="Collections">
<arg>${grouped}</arg>
<arg>${user_id}</arg>
<arg>${user_data}</arg>
<doc>Adds the given ``key_value_pairs`` and/or ``items`` to the ``dictionary``.</doc>
<status status="NOT RUN" start="2026-08-23T18:12:12.398114" elapsed="0.000019"/>
</kw>
<status status="NOT RUN" start="2026-08-23T18:12:12.397728" elapsed="0.000445"/>
</branch>
<status status="PASS" start="2026-08-23T18:12:12.394671" elapsed="0.003528"/>
</if>
<var name="${post}">{'userId': 1, 'id': 4, 'title': 'eum et est occaecati', 'body': 'ullam et saepe reiciendis voluptatem adipisci\nsit amet autem assumenda provident rerum culpa\nquis hic commodi nesciunt rem tenetur do...</var>
<status status="PASS" start="2026-08-23T18:12:12.392959" elapsed="0.005271"/>
</iter>
<iter>
<kw name="Get From Dictionary" owner="Collections">
<msg time="2026-08-23T18:12:12.398802" level="INFO">${user_id} = 1</msg>
<var>${user_id}</var>
<arg>${post}</arg>
<arg>userId</arg>
<doc>Returns a value from the given ``dictionary`` based on the given ``key``.</doc>
<status status="PASS" start="2026-08-23T18:12:12.398581" elapsed="0.000255"/>
</kw>
<kw name="Get From Dictionary" owner="Collections">
<msg time="2026-08-23T18:12:12.399286" level="INFO">${title} = nesciunt quas odio</msg>
<var>${title}</var>
<arg>${post}</arg>
<arg>title</arg>
<doc>Returns a value from the given ``dictionary`` based on the given ``key``.</doc>
<status status="PASS" start="2026-08-23T18:12:12.398930" elapsed="0.000381"/>
</kw>
<kw name="Run Keyword And Return Status" owner="BuiltIn">
<kw name="Dictionary Should Contain Key" owner="Collections">
<arg>${grouped}</arg>
<arg>${user_id}</arg>
<doc>Fails if ``key`` is not found from ``dictionary``.</doc>
<status status="PASS" start="2026-08-23T18:12:12.399682" elapsed="0.000155"/>
</kw>
<msg time="2026-08-23T18:12:12.399907" level="INFO">${exists} = True</msg>
<var>${exists}</var>
<arg>Dictionary Should Contain Key</arg>
<arg>${grouped}</arg>
<arg>${user_id}</arg>
<doc>Runs the specified keyword and returns the status as a Boolean value.</doc>
<status status="PASS" start="2026-08-23T18:12:12.399419" elapsed="0.000507"/>
</kw>
<if>
<branch type="IF" condition="${exists}">
<kw name="Get From Dictionary" owner="Collections">
<msg time="2026-08-23T18:12:12.400246" level="INFO">${user_data} = {'userId': 1, 'titles': ['sunt aut facere repellat provident occaecati excepturi optio reprehenderit', 'qui est esse', 'ea molestias quasi exercitationem repellat qui ipsa sit aut', 'eum et est occaec...</msg>
<var>${user_data}</var>
<arg>${grouped}</arg>
<arg>${user_id}</arg>
<doc>Returns a value from the given ``dictionary`` based on the given ``key``.</doc>
<status status="PASS" start="2026-08-23T18:12:12.400093" elapsed="0.000175"/>
</kw>
<kw name="Get From Dictionary" owner="Collections">
<msg time="2026-08-23T18:12:12.400502" level="INFO">${titles} = ['sunt aut facere repellat provident occaecati excepturi optio reprehenderit', 'qui est esse', 'ea molestias quasi exercitationem repellat qui ipsa sit aut', 'eum et est occaecati']</msg>
<var>${titles}</var>
<arg>${user_data}</arg>
<arg>titles</arg>
<doc>Returns a value from the given ``dictionary`` based on the given ``key``.</doc>
<status status="PASS" start="2026-08-23T18:12:12.400348" elapsed="0.000364"/>
</kw>
<kw name="Append To List" owner="Collections">
<arg>${titles}</arg>
<arg>${title}</arg>
<doc>Adds ``values`` to the end of ``list``.</doc>
<status status="PASS" start="2026-08-23T18:12:12.400797" elapsed="0.000253"/>
</kw>
<kw name="Get From Dictionary" owner="Collections">
<msg time="2026-08-23T18:12:12.401400" level="INFO">${count} = 4</msg>
<var>${count}</var>
<arg>${user_data}</arg>
<arg>totalPosts</arg>
<doc>Returns a value from the given ``dictionary`` based on the given ``key``.</doc>
<status status="PASS" start="2026-08-23T18:12:12.401155" elapsed="0.000264"/>
</kw>
<kw name="Evaluate" owner="BuiltIn">
<msg time="2026-08-23T18:12:12.401962" level="INFO">${count} = 5</msg>
<var>${count}</var>
<arg>${count} + 1</arg>
<doc>Evaluates the given expression in Python and returns the result.</doc>
<status status="PASS" start="2026-08-23T18:12:12.401614" elapsed="0.000377"/>
</kw>
<kw name="Set To Dictionary" owner="Collections">
<arg>${user_data}</arg>
<arg>totalPosts=${count}</arg>
<doc>Adds the given ``key_value_pairs`` and/or ``items`` to the ``dictionary``.</doc>
<status status="PASS" start="2026-08-23T18:12:12.402085" elapsed="0.000177"/>
</kw>
<status status="PASS" start="2026-08-23T18:12:12.399996" elapsed="0.002297"/>
</branch>
<branch type="ELSE">
<kw name="Create List" owner="BuiltIn">
<var>${titles}</var>
<arg>${title}</arg>
<doc>Returns a list containing given items.</doc>
<status status="NOT RUN" start="2026-08-23T18:12:12.402424" elapsed="0.000020"/>
</kw>
<kw name="Create Dictionary" owner="BuiltIn">
<var>${user_data}</var>
<arg>userId=${user_id}</arg>
<arg>titles=${titles}</arg>
<arg>totalPosts=${1}</arg>
<doc>Creates and returns a dictionary based on the given ``items``.</doc>
<status status="NOT RUN" start="2026-08-23T18:12:12.402560" elapsed="0.000018"/>
</kw>
<kw name="Set To Dictionary" owner="Collections">
<arg>${grouped}</arg>
<arg>${user_id}</arg>
<arg>${user_data}</arg>
<doc>Adds the given ``key_value_pairs`` and/or ``items`` to the ``dictionary``.</doc>
<status status="NOT RUN" start="2026-08-23T18:12:12.402657" elapsed="0.000015"/>
</kw>
<status status="NOT RUN" start="2026-08-23T18:12:12.402314" elapsed="0.000388"/>
</branch>
<status status="PASS" start="2026-08-23T18:12:12.399977" elapsed="0.002746"/>
</if>
<var name="${post}">{'userId': 1, 'id': 5, 'title': 'nesciunt quas odio', 'body': 'repudiandae veniam quaerat sunt sed\nalias aut fugiat sit autem sed est\nvoluptatem omnis possimus esse voluptatibus quis\nest aut tenetu...</var>
<status status="PASS" start="2026-08-23T18:12:12.398471" elapsed="0.004277"/>
</iter>
<iter>
<kw name="Get From Dictionary" owner="Collections">
<msg time="2026-08-23T18:12:12.403133" level="INFO">${user_id} = 1</msg>
<var>${user_id}</var>
<arg>${post}</arg>
<arg>userId</arg>
<doc>Returns a value from the given ``dictionary`` based on the given ``key``.</doc>
<status status="PASS" start="2026-08-23T18:12:12.403008" elapsed="0.000142"/>
</kw>
<kw name="Get From Dictionary" owner="Collections">
<msg time="2026-08-23T18:12:12.403544" level="INFO">${title} = dolorem eum magni eos aperiam quia</msg>
<var>${title}</var>
<arg>${post}</arg>
<arg>title</arg>
<doc>Returns a value from the given ``dictionary`` based on the given ``key``.</doc>
<status status="PASS" start="2026-08-23T18:12:12.403209" elapsed="0.000378"/>
</kw>
<kw name="Run Keyword And Return Status" owner="BuiltIn">
<kw name="Dictionary Should Contain Key" owner="Collections">
<arg>${grouped}</arg>
<arg>${user_id}</arg>
<doc>Fails if ``key`` is not found from ``dictionary``.</doc>
<status status="PASS" start="2026-08-23T18:12:12.404240" elapsed="0.000181"/>
</kw>
<msg time="2026-08-23T18:12:12.404515" level="INFO">${exists} = True</msg>
<var>${exists}</var>
<arg>Dictionary Should Contain Key</arg>
<arg>${grouped}</arg>
<arg>${user_id}</arg>
<doc>Runs the specified keyword and returns the status as a Boolean value.</doc>
<status status="PASS" start="2026-08-23T18:12:12.403863" elapsed="0.000677"/>
</kw>
<if>
<branch type="IF" condition="${exists}">
<kw name="Get From Dictionary" owner="Collections">
<msg time="2026-08-23T18:12:12.404921" level="INFO">${user_data} = {'userId': 1, 'titles': ['sunt aut facere repellat provident occaecati excepturi optio reprehenderit', 'qui est esse', 'ea molestias quasi exercitationem repellat qui ipsa sit aut', 'eum et est occaec...</msg>
<var>${user_data}</var>
<arg>${grouped}</arg>
<arg>${user_id}</arg>
<doc>Returns a value from the given ``dictionary`` based on the given ``key``.</doc>
<status status="PASS" start="2026-08-23T18:12:12.404733" elapsed="0.000213"/>
</kw>
<kw name="Get From Dictionary" owner="Collections">
<msg time="2026-08-23T18:12:12.405163" level="INFO">${titles} = ['sunt aut facere repellat provident occaecati excepturi optio reprehenderit', 'qui est esse', 'ea molestias quasi exercitationem repellat qui ipsa sit aut', 'eum et est occaecati', 'nesciunt quas odi...</msg>
<var>${titles}</var>
<arg>${user_data}</arg>
<arg>titles</arg>
<doc>Returns a value from the given ``dictionary`` based on the given ``key``.</doc>
<status status="PASS" start="2026-08-23T18:12:12.405031" elapsed="0.000147"/>
</kw>
<kw name="Append To List" owner="Collections">
<arg>${titles}</arg>
<arg>${title}</arg>
<doc>Adds ``values`` to the end of ``list``.</doc>
<status status="PASS" start="2026-08-23T18:12:12.405231" elapsed="0.000110"/>
</kw>
<kw name="Get From Dictionary" owner="Collections">
<msg time="2026-08-23T18:12:12.405716" level="INFO">${count} = 5</msg>
<var>${count}</var>
<arg>${user_data}</arg>
<arg>totalPosts</arg>
<doc>Returns a value from the given ``dictionary`` based on the given ``key``.</doc>
<status status="PASS" start="2026-08-23T18:12:12.405393" elapsed="0.000341"/>
</kw>
<kw name="Evaluate" owner="BuiltIn">
<msg time="2026-08-23T18:12:12.406047" level="INFO">${count} = 6</msg>
<var>${count}</var>
<arg>${count} + 1</arg>
<doc>Evaluates the given expression in Python and returns the result.</doc>
<status status="PASS" start="2026-08-23T18:12:12.405801" elapsed="0.000264"/>
</kw>
<kw name="Set To Dictionary" owner="Collections">
<arg>${user_data}</arg>
<arg>totalPosts=${count}</arg>
<doc>Adds the given ``key_value_pairs`` and/or ``items`` to the ``dictionary``.</doc>
<status status="PASS" start="2026-08-23T18:12:12.406127" elapsed="0.000125"/>
</kw>
<status status="PASS" start="2026-08-23T18:12:12.404617" elapsed="0.001657"/>
</branch>
<branch type="ELSE">
<kw name="Create List" owner="BuiltIn">
<var>${titles}</var>
<arg>${title}</arg>
<doc>Returns a list containing given items.</doc>
<status status="NOT RUN" start="2026-08-23T18:12:12.406356" elapsed="0.000011"/>
</kw>
<kw name="Create Dictionary" owner="BuiltIn">
<var>${user_data}</var>
<arg>userId=${user_id}</arg>
<arg>titles=${titles}</arg>
<arg>totalPosts=${1}</arg>
<doc>Creates and returns a dictionary based on the given ``items``.</doc>
<status status="NOT RUN" start="2026-08-23T18:12:12.406426" elapsed="0.000011"/>
</kw>
<kw name="Set To Dictionary" owner="Collections">
<arg>${grouped}</arg>
<arg>${user_id}</arg>
<arg>${user_data}</arg>
<doc>Adds the given ``key_value_pairs`` and/or ``items`` to the ``dictionary``.</doc>
<status status="NOT RUN" start="2026-08-23T18:12:12.406490" elapsed="0.000009"/>
</kw>
<status status="NOT RUN" start="2026-08-23T18:12:12.406293" elapsed="0.000225"/>
</branch>
<status status="PASS" start="2026-08-23T18:12:12.404596" elapsed="0.001935"/>
</if>
<var name="${post}">{'userId': 1, 'id': 6, 'title': 'dolorem eum magni eos aperiam quia', 'body': 'ut aspernatur corporis harum nihil quis provident sequi\nmollitia nobis aliquid molestiae\nperspiciatis et ea nemo ab rep...</var>
<status status="PASS" start="2026-08-23T18:12:12.402933" elapsed="0.003613"/>
</iter>
<iter>
<kw name="Get From Dictionary" owner="Collections">
<msg time="2026-08-23T18:12:12.406836" level="INFO">${user_id} = 1</msg>
<var>${user_id}</var>
<arg>${post}</arg>
<arg>userId</arg>
<doc>Returns a value from the given ``dictionary`` based on the given ``key``.</doc>
<status status="PASS" start="2026-08-23T18:12:12.406711" elapsed="0.000141"/>
</kw>
<kw name="Get From Dictionary" owner="Collections">
<msg time="2026-08-23T18:12:12.407000" level="INFO">${title} = magnam facilis autem</msg>
<var>${title}</var>
<arg>${post}</arg>
<arg>title</arg>
<doc>Returns a value from the given ``dictionary`` based on the given ``key``.</doc>
<status status="PASS" start="2026-08-23T18:12:12.406911" elapsed="0.000103"/>
</kw>
<kw name="Run Keyword And Return Status" owner="BuiltIn">
<kw name="Dictionary Should Contain Key" owner="Collections">
<arg>${grouped}</arg>
<arg>${user_id}</arg>
<doc>Fails if ``key`` is not found from ``dictionary``.</doc>
<status status="PASS" start="2026-08-23T18:12:12.407248" elapsed="0.000094"/>
</kw>
<msg time="2026-08-23T18:12:12.407389" level="INFO">${exists} = True</msg>
<var>${exists}</var>
<arg>Dictionary Should Contain Key</arg>
<arg>${grouped}</arg>
<arg>${user_id}</arg>
<doc>Runs the specified keyword and returns the status as a Boolean value.</doc>
<status status="PASS" start="2026-08-23T18:12:12.407072" elapsed="0.000442"/>
</kw>
<if>
<branch type="IF" condition="${exists}">
<kw name="Get From Dictionary" owner="Collections">
<msg time="2026-08-23T18:12:12.407955" level="INFO">${user_data} = {'userId': 1, 'titles': ['sunt aut facere repellat provident occaecati excepturi optio reprehenderit', 'qui est esse', 'ea molestias quasi exercitationem repellat qui ipsa sit aut', 'eum et est occaec...</msg>
<var>${user_data}</var>
<arg>${grouped}</arg>
<arg>${user_id}</arg>
<doc>Returns a value from the given ``dictionary`` based on the given ``key``.</doc>
<status status="PASS" start="2026-08-23T18:12:12.407797" elapsed="0.000180"/>
</kw>
<kw name="Get From Dictionary" owner="Collections">
<msg time="2026-08-23T18:12:12.408143" level="INFO">${titles} = ['sunt aut facere repellat provident occaecati excepturi optio reprehenderit', 'qui est esse', 'ea molestias quasi exercitationem repellat qui ipsa sit aut', 'eum et est occaecati', 'nesciunt quas odi...</msg>
<var>${titles}</var>
<arg>${user_data}</arg>
<arg>titles</arg>
<doc>Returns a value from the given ``dictionary`` based on the given ``key``.</doc>
<status status="PASS" start="2026-08-23T18:12:12.408045" elapsed="0.000114"/>
</kw>
<kw name="Append To List" owner="Collections">
<arg>${titles}</arg>
<arg>${title}</arg>
<doc>Adds ``values`` to the end of ``list``.</doc>
<status status="PASS" start="2026-08-23T18:12:12.408214" elapsed="0.000099"/>
</kw>
<kw name="Get From Dictionary" owner="Collections">
<msg time="2026-08-23T18:12:12.408455" level="INFO">${count} = 6</msg>
<var>${count}</var>
<arg>${user_data}</arg>
<arg>totalPosts</arg>
<doc>Returns a value from the given ``dictionary`` based on the given ``key``.</doc>
<status status="PASS" start="2026-08-23T18:12:12.408368" elapsed="0.000101"/>
</kw>
<kw name="Evaluate" owner="BuiltIn">
<msg time="2026-08-23T18:12:12.408739" level="INFO">${count} = 7</msg>
<var>${count}</var>
<arg>${count} + 1</arg>
<doc>Evaluates the given expression in Python and returns the result.</doc>
<status status="PASS" start="2026-08-23T18:12:12.408523" elapsed="0.000233"/>
</kw>
<kw name="Set To Dictionary" owner="Collections">
<arg>${user_data}</arg>
<arg>totalPosts=${count}</arg>
<doc>Adds the given ``key_value_pairs`` and/or ``items`` to the ``dictionary``.</doc>
<status status="PASS" start="2026-08-23T18:12:12.408820" elapsed="0.000124"/>
</kw>
<status status="PASS" start="2026-08-23T18:12:12.407637" elapsed="0.001330"/>
</branch>
<branch type="ELSE">
<kw name="Create List" owner="BuiltIn">
<var>${titles}</var>
<arg>${title}</arg>
<doc>Returns a list containing given items.</doc>
<status status="NOT RUN" start="2026-08-23T18:12:12.409037" elapsed="0.000010"/>
</kw>
<kw name="Create Dictionary" owner="BuiltIn">
<var>${user_data}</var>
<arg>userId=${user_id}</arg>
<arg>titles=${titles}</arg>
<arg>totalPosts=${1}</arg>
<doc>Creates and returns a dictionary based on the given ``items``.</doc>
<status status="NOT RUN" start="2026-08-23T18:12:12.409100" elapsed="0.000013"/>
</kw>
<kw name="Set To Dictionary" owner="Collections">
<arg>${grouped}</arg>
<arg>${user_id}</arg>
<arg>${user_data}</arg>
<doc>Adds the given ``key_value_pairs`` and/or ``items`` to the ``dictionary``.</doc>
<status status="NOT RUN" start="2026-08-23T18:12:12.409166" elapsed="0.000009"/>
</kw>
<status status="NOT RUN" start="2026-08-23T18:12:12.408984" elapsed="0.000209"/>
</branch>
<status status="PASS" start="2026-08-23T18:12:12.407610" elapsed="0.001594"/>
</if>
<var name="${post}">{'userId': 1, 'id': 7, 'title': 'magnam facilis autem', 'body': 'dolore placeat quibusdam ea quo vitae\nmagni quis enim qui quis quo nemo aut saepe\nquidem repellat excepturi ut quia\nsunt ut sequi eo...</var>
<status status="PASS" start="2026-08-23T18:12:12.406665" elapsed="0.002553"/>
</iter>
<iter>
<kw name="Get From Dictionary" owner="Collections">
<msg time="2026-08-23T18:12:12.409517" level="INFO">${user_id} = 1</msg>
<var>${user_id}</var>
<arg>${post}</arg>
<arg>userId</arg>
<doc>Returns a value from the given ``dictionary`` based on the given ``key``.</doc>
<status status="PASS" start="2026-08-23T18:12:12.409420" elapsed="0.000111"/>
</kw>
<kw name="Get From Dictionary" owner="Collections">
<msg time="2026-08-23T18:12:12.409664" level="INFO">${title} = dolorem dolore est ipsam</msg>
<var>${title}</var>
<arg>${post}</arg>
<arg>title</arg>
<doc>Returns a value from the given ``dictionary`` based on the given ``key``.</doc>
<status status="PASS" start="2026-08-23T18:12:12.409583" elapsed="0.000094"/>
</kw>
<kw name="Run Keyword And Return Status" owner="BuiltIn">
<kw name="Dictionary Should Contain Key" owner="Collections">
<arg>${grouped}</arg>
<arg>${user_id}</arg>
<doc>Fails if ``key`` is not found from ``dictionary``.</doc>
<status status="PASS" start="2026-08-23T18:12:12.409908" elapsed="0.000099"/>
</kw>
<msg time="2026-08-23T18:12:12.410056" level="INFO">${exists} = True</msg>
<var>${exists}</var>
<arg>Dictionary Should Contain Key</arg>
<arg>${grouped}</arg>
<arg>${user_id}</arg>
<doc>Runs the specified keyword and returns the status as a Boolean value.</doc>
<status status="PASS" start="2026-08-23T18:12:12.409732" elapsed="0.000338"/>
</kw>
<if>
<branch type="IF" condition="${exists}">
<kw name="Get From Dictionary" owner="Collections">
<msg time="2026-08-23T18:12:12.410285" level="INFO">${user_data} = {'userId': 1, 'titles': ['sunt aut facere repellat provident occaecati excepturi optio reprehenderit', 'qui est esse', 'ea molestias quasi exercitationem repellat qui ipsa sit aut', 'eum et est occaec...</msg>
<var>${user_data}</var>
<arg>${grouped}</arg>
<arg>${user_id}</arg>
<doc>Returns a value from the given ``dictionary`` based on the given ``key``.</doc>
<status status="PASS" start="2026-08-23T18:12:12.410180" elapsed="0.000120"/>
</kw>
<kw name="Get From Dictionary" owner="Collections">
<msg time="2026-08-23T18:12:12.410441" level="INFO">${titles} = ['sunt aut facere repellat provident occaecati excepturi optio reprehenderit', 'qui est esse', 'ea molestias quasi exercitationem repellat qui ipsa sit aut', 'eum et est occaecati', 'nesciunt quas odi...</msg>
<var>${titles}</var>
<arg>${user_data}</arg>
<arg>titles</arg>
<doc>Returns a value from the given ``dictionary`` based on the given ``key``.</doc>
<status status="PASS" start="2026-08-23T18:12:12.410355" elapsed="0.000100"/>
</kw>
<kw name="Append To List" owner="Collections">
<arg>${titles}</arg>
<arg>${title}</arg>
<doc>Adds ``values`` to the end of ``list``.</doc>
<status status="PASS" start="2026-08-23T18:12:12.410504" elapsed="0.000092"/>
</kw>
<kw name="Get From Dictionary" owner="Collections">
<msg time="2026-08-23T18:12:12.410728" level="INFO">${count} = 7</msg>
<var>${count}</var>
<arg>${user_data}</arg>
<arg>totalPosts</arg>
<doc>Returns a value from the given ``dictionary`` based on the given ``key``.</doc>
<status status="PASS" start="2026-08-23T18:12:12.410646" elapsed="0.000095"/>
</kw>
<kw name="Evaluate" owner="BuiltIn">
<msg time="2026-08-23T18:12:12.411012" level="INFO">${count} = 8</msg>
<var>${count}</var>
<arg>${count} + 1</arg>
<doc>Evaluates the given expression in Python and returns the result.</doc>
<status status="PASS" start="2026-08-23T18:12:12.410814" elapsed="0.000214"/>
</kw>
<kw name="Set To Dictionary" owner="Collections">
<arg>${user_data}</arg>
<arg>totalPosts=${count}</arg>
<doc>Adds the given ``key_value_pairs`` and/or ``items`` to the ``dictionary``.</doc>
<status status="PASS" start="2026-08-23T18:12:12.411083" elapsed="0.000114"/>
</kw>
<status status="PASS" start="2026-08-23T18:12:12.410112" elapsed="0.001107"/>
</branch>
<branch type="ELSE">
<kw name="Create List" owner="BuiltIn">
<var>${titles}</var>
<arg>${title}</arg>
<doc>Returns a list containing given items.</doc>
<status status="NOT RUN" start="2026-08-23T18:12:12.411293" elapsed="0.000011"/>
</kw>
<kw name="Create Dictionary" owner="BuiltIn">
<var>${user_data}</var>
<arg>userId=${user_id}</arg>
<arg>titles=${titles}</arg>
<arg>totalPosts=${1}</arg>
<doc>Creates and returns a dictionary based on the given ``items``.</doc>
<status status="NOT RUN" start="2026-08-23T18:12:12.411357" elapsed="0.000010"/>
</kw>
<kw name="Set To Dictionary" owner="Collections">
<arg>${grouped}</arg>
<arg>${user_id}</arg>
<arg>${user_data}</arg>
<doc>Adds the given ``key_value_pairs`` and/or ``items`` to the ``dictionary``.</doc>
<status status="NOT RUN" start="2026-08-23T18:12:12.411416" elapsed="0.000010"/>
</kw>
<status status="NOT RUN" start="2026-08-23T18:12:12.411235" elapsed="0.000209"/>
</branch>
<status status="PASS" start="2026-08-23T18:12:12.410101" elapsed="0.001355"/>
</if>
<var name="${post}">{'userId': 1, 'id': 8, 'title': 'dolorem dolore est ipsam', 'body': 'dignissimos aperiam dolorem qui eum\nfacilis quibusdam animi sint suscipit qui sint possimus cum\nquaerat magni maiores excepturi\n...</var>
<status status="PASS" start="2026-08-23T18:12:12.409377" elapsed="0.002092"/>
</iter>
<iter>
<kw name="Get From Dictionary" owner="Collections">
<msg time="2026-08-23T18:12:12.411824" level="INFO">${user_id} = 1</msg>
<var>${user_id}</var>
<arg>${post}</arg>
<arg>userId</arg>
<doc>Returns a value from the given ``dictionary`` based on the given ``key``.</doc>
<status status="PASS" start="2026-08-23T18:12:12.411637" elapsed="0.000214"/>
</kw>
<kw name="Get From Dictionary" owner="Collections">
<msg time="2026-08-23T18:12:12.412112" level="INFO">${title} = nesciunt iure omnis dolorem tempora et accusantium</msg>
<var>${title}</var>
<arg>${post}</arg>
<arg>title</arg>
<doc>Returns a value from the given ``dictionary`` based on the given ``key``.</doc>
<status status="PASS" start="2026-08-23T18:12:12.411977" elapsed="0.000154"/>
</kw>
<kw name="Run Keyword And Return Status" owner="BuiltIn">
<kw name="Dictionary Should Contain Key" owner="Collections">
<arg>${grouped}</arg>
<arg>${user_id}</arg>
<doc>Fails if ``key`` is not found from ``dictionary``.</doc>
<status status="PASS" start="2026-08-23T18:12:12.412433" elapsed="0.000097"/>
</kw>
<msg time="2026-08-23T18:12:12.412579" level="INFO">${exists} = True</msg>
<var>${exists}</var>
<arg>Dictionary Should Contain Key</arg>
<arg>${grouped}</arg>
<arg>${user_id}</arg>
<doc>Runs the specified keyword and returns the status as a Boolean value.</doc>
<status status="PASS" start="2026-08-23T18:12:12.412216" elapsed="0.000376"/>
</kw>
<if>
<branch type="IF" condition="${exists}">
<kw name="Get From Dictionary" owner="Collections">
<msg time="2026-08-23T18:12:12.412808" level="INFO">${user_data} = {'userId': 1, 'titles': ['sunt aut facere repellat provident occaecati excepturi optio reprehenderit', 'qui est esse', 'ea molestias quasi exercitationem repellat qui ipsa sit aut', 'eum et est occaec...</msg>
<var>${user_data}</var>
<arg>${grouped}</arg>
<arg>${user_id}</arg>
<doc>Returns a value from the given ``dictionary`` based on the given ``key``.</doc>
<status status="PASS" start="2026-08-23T18:12:12.412704" elapsed="0.000119"/>
</kw>
<kw name="Get From Dictionary" owner="Collections">
<msg time="2026-08-23T18:12:12.412964" level="INFO">${titles} = ['sunt aut facere repellat provident occaecati excepturi optio reprehenderit', 'qui est esse', 'ea molestias quasi exercitationem repellat qui ipsa sit aut', 'eum et est occaecati', 'nesciunt quas odi...</msg>
<var>${titles}</var>
<arg>${user_data}</arg>
<arg>titles</arg>
<doc>Returns a value from the given ``dictionary`` based on the given ``key``.</doc>
<status status="PASS" start="2026-08-23T18:12:12.412877" elapsed="0.000103"/>
</kw>
<kw name="Append To List" owner="Collections">
<arg>${titles}</arg>
<arg>${title}</arg>
<doc>Adds ``values`` to the end of ``list``.</doc>
<status status="PASS" start="2026-08-23T18:12:12.413034" elapsed="0.000092"/>
</kw>
<kw name="Get From Dictionary" owner="Collections">
<msg time="2026-08-23T18:12:12.413267" level="INFO">${count} = 8</msg>
<var>${count}</var>
<arg>${user_data}</arg>
<arg>totalPosts</arg>
<doc>Returns a value from the given ``dictionary`` based on the given ``key``.</doc>
<status status="PASS" start="2026-08-23T18:12:12.413180" elapsed="0.000101"/>
</kw>
<kw name="Evaluate" owner="BuiltIn">
<msg time="2026-08-23T18:12:12.413524" level="INFO">${count} = 9</msg>
<var>${count}</var>
<arg>${count} + 1</arg>
<doc>Evaluates the given expression in Python and returns the result.</doc>
<status status="PASS" start="2026-08-23T18:12:12.413336" elapsed="0.000203"/>
</kw>
<kw name="Set To Dictionary" owner="Collections">
<arg>${user_data}</arg>
<arg>totalPosts=${count}</arg>
<doc>Adds the given ``key_value_pairs`` and/or ``items`` to the ``dictionary``.</doc>
<status status="PASS" start="2026-08-23T18:12:12.413604" elapsed="0.000109"/>
</kw>
<status status="PASS" start="2026-08-23T18:12:12.412635" elapsed="0.001098"/>
</branch>
<branch type="ELSE">
<kw name="Create List" owner="BuiltIn">
<var>${titles}</var>
<arg>${title}</arg>
<doc>Returns a list containing given items.</doc>
<status status="NOT RUN" start="2026-08-23T18:12:12.413799" elapsed="0.000011"/>
</kw>
<kw name="Create Dictionary" owner="BuiltIn">
<var>${user_data}</var>
<arg>userId=${user_id}</arg>
<arg>titles=${titles}</arg>
<arg>totalPosts=${1}</arg>
<doc>Creates and returns a dictionary based on the given ``items``.</doc>
<status status="NOT RUN" start="2026-08-23T18:12:12.413863" elapsed="0.000010"/>
</kw>
<kw name="Set To Dictionary" owner="Collections">
<arg>${grouped}</arg>
<arg>${user_id}</arg>
<arg>${user_data}</arg>
<doc>Adds the given ``key_value_pairs`` and/or ``items`` to the ``dictionary``.</doc>
<status status="NOT RUN" start="2026-08-23T18:12:12.413923" elapsed="0.000009"/>
</kw>
<status status="NOT RUN" start="2026-08-23T18:12:12.413749" elapsed="0.000202"/>
</branch>
<status status="PASS" start="2026-08-23T18:12:12.412624" elapsed="0.001340"/>
</if>
<var name="${post}">{'userId': 1, 'id': 9, 'title': 'nesciunt iure omnis dolorem tempora et accusantium', 'body': 'consectetur animi nesciunt iure dolore\nenim quia ad\nveniam autem ut quam aut nobis\net est aut quod aut...</var>
<status status="PASS" start="2026-08-23T18:12:12.411580" elapsed="0.002397"/>
</iter>
<iter>
<kw name="Get From Dictionary" owner="Collections">
<msg time="2026-08-23T18:12:12.414219" level="INFO">${user_id} = 1</msg>
<var>${user_id}</var>
<arg>${post}</arg>
<arg>userId</arg>
<doc>Returns a value from the given ``dictionary`` based on the given ``key``.</doc>
<status status="PASS" start="2026-08-23T18:12:12.414121" elapsed="0.000113"/>
</kw>
<kw name="Get From Dictionary" owner="Collections">
<msg time="2026-08-23T18:12:12.414390" level="INFO">${title} = optio molestias id quia eum</msg>
<var>${title}</var>
<arg>${post}</arg>
<arg>title</arg>
<doc>Returns a value from the given ``dictionary`` based on the given ``key``.</doc>
<status status="PASS" start="2026-08-23T18:12:12.414286" elapsed="0.000118"/>
</kw>
<kw name="Run Keyword And Return Status" owner="BuiltIn">
<kw name="Dictionary Should Contain Key" owner="Collections">
<arg>${grouped}</arg>
<arg>${user_id}</arg>
<doc>Fails if ``key`` is not found from ``dictionary``.</doc>
<status status="PASS" start="2026-08-23T18:12:12.414641" elapsed="0.000096"/>
</kw>
<msg time="2026-08-23T18:12:12.414786" level="INFO">${exists} = True</msg>
<var>${exists}</var>
<arg>Dictionary Should Contain Key</arg>
<arg>${grouped}</arg>
<arg>${user_id}</arg>
<doc>Runs the specified keyword and returns the status as a Boolean value.</doc>
<status status="PASS" start="2026-08-23T18:12:12.414476" elapsed="0.000323"/>
</kw>
<if>
<branch type="IF" condition="${exists}">
<kw name="Get From Dictionary" owner="Collections">
<msg time="2026-08-23T18:12:12.415010" level="INFO">${user_data} = {'userId': 1, 'titles': ['sunt aut facere repellat provident occaecati excepturi optio reprehenderit', 'qui est esse', 'ea molestias quasi exercitationem repellat qui ipsa sit aut', 'eum et est occaec...</msg>
<var>${user_data}</var>
<arg>${grouped}</arg>
<arg>${user_id}</arg>
<doc>Returns a value from the given ``dictionary`` based on the given ``key``.</doc>
<status status="PASS" start="2026-08-23T18:12:12.414907" elapsed="0.000118"/>
</kw>
<kw name="Get From Dictionary" owner="Collections">
<msg time="2026-08-23T18:12:12.415161" level="INFO">${titles} = ['sunt aut facere repellat provident occaecati excepturi optio reprehenderit', 'qui est esse', 'ea molestias quasi exercitationem repellat qui ipsa sit aut', 'eum et est occaecati', 'nesciunt quas odi...</msg>
<var>${titles}</var>
<arg>${user_data}</arg>
<arg>titles</arg>
<doc>Returns a value from the given ``dictionary`` based on the given ``key``.</doc>
<status status="PASS" start="2026-08-23T18:12:12.415077" elapsed="0.000098"/>
</kw>
<kw name="Append To List" owner="Collections">
<arg>${titles}</arg>
<arg>${title}</arg>
<doc>Adds ``values`` to the end of ``list``.</doc>
<status status="PASS" start="2026-08-23T18:12:12.415224" elapsed="0.000087"/>
</kw>
<kw name="Get From Dictionary" owner="Collections">
<msg time="2026-08-23T18:12:12.415441" level="INFO">${count} = 9</msg>
<var>${count}</var>
<arg>${user_data}</arg>
<arg>totalPosts</arg>
<doc>Returns a value from the given ``dictionary`` based on the given ``key``.</doc>
<status status="PASS" start="2026-08-23T18:12:12.415360" elapsed="0.000093"/>
</kw>
<kw name="Evaluate" owner="BuiltIn">
<msg time="2026-08-23T18:12:12.415707" level="INFO">${count} = 10</msg>
<var>${count}</var>
<arg>${count} + 1</arg>
<doc>Evaluates the given expression in Python and returns the result.</doc>
<status status="PASS" start="2026-08-23T18:12:12.415504" elapsed="0.000220"/>
</kw>
<kw name="Set To Dictionary" owner="Collections">
<arg>${user_data}</arg>
<arg>totalPosts=${count}</arg>
<doc>Adds the given ``key_value_pairs`` and/or ``items`` to the ``dictionary``.</doc>
<status status="PASS" start="2026-08-23T18:12:12.415826" elapsed="0.000160"/>
</kw>
<status status="PASS" start="2026-08-23T18:12:12.414841" elapsed="0.001174"/>
</branch>
<branch type="ELSE">
<kw name="Create List" owner="BuiltIn">
<var>${titles}</var>
<arg>${title}</arg>
<doc>Returns a list containing given items.</doc>
<status status="NOT RUN" start="2026-08-23T18:12:12.416096" elapsed="0.000012"/>
</kw>
<kw name="Create Dictionary" owner="BuiltIn">
<var>${user_data}</var>
<arg>userId=${user_id}</arg>
<arg>titles=${titles}</arg>
<arg>totalPosts=${1}</arg>
<doc>Creates and returns a dictionary based on the given ``items``.</doc>
<status status="NOT RUN" start="2026-08-23T18:12:12.416164" elapsed="0.000011"/>
</kw>
<kw name="Set To Dictionary" owner="Collections">
<arg>${grouped}</arg>
<arg>${user_id}</arg>
<arg>${user_data}</arg>
<doc>Adds the given ``key_value_pairs`` and/or ``items`` to the ``dictionary``.</doc>
<status status="NOT RUN" start="2026-08-23T18:12:12.416228" elapsed="0.000014"/>
</kw>
<status status="NOT RUN" start="2026-08-23T18:12:12.416032" elapsed="0.000241"/>
</branch>
<status status="PASS" start="2026-08-23T18:12:12.414830" elapsed="0.001456"/>
</if>
<var name="${post}">{'userId': 1, 'id': 10, 'title': 'optio molestias id quia eum', 'body': 'quo et expedita modi cum officia vel magni\ndoloribus qui repudiandae\nvero nisi sit\nquos veniam quod sed accusamus veritatis ...</var>
<status status="PASS" start="2026-08-23T18:12:12.414080" elapsed="0.002220"/>
</iter>
<iter>
<kw name="Get From Dictionary" owner="Collections">
<msg time="2026-08-23T18:12:12.416570" level="INFO">${user_id} = 2</msg>
<var>${user_id}</var>
<arg>${post}</arg>
<arg>userId</arg>
<doc>Returns a value from the given ``dictionary`` based on the given ``key``.</doc>
<status status="PASS" start="2026-08-23T18:12:12.416464" elapsed="0.000122"/>
</kw>
<kw name="Get From Dictionary" owner="Collections">
<msg time="2026-08-23T18:12:12.416732" level="INFO">${title} = et ea vero quia laudantium autem</msg>
<var>${title}</var>
<arg>${post}</arg>
<arg>title</arg>
<doc>Returns a value from the given ``dictionary`` based on the given ``key``.</doc>
<status status="PASS" start="2026-08-23T18:12:12.416643" elapsed="0.000108"/>
</kw>
<kw name="Run Keyword And Return Status" owner="BuiltIn">
<kw name="Dictionary Should Contain Key" owner="Collections">
<msg time="2026-08-23T18:12:12.417105" level="FAIL">Dictionary does not contain key '2'.</msg>
<arg>${grouped}</arg>
<arg>${user_id}</arg>
<doc>Fails if ``key`` is not found from ``dictionary``.</doc>
<status status="FAIL" start="2026-08-23T18:12:12.416976" elapsed="0.000192">Dictionary does not contain key '2'.</status>
</kw>
<msg time="2026-08-23T18:12:12.417229" level="INFO">${exists} = False</msg>
<var>${exists}</var>
<arg>Dictionary Should Contain Key</arg>
<arg>${grouped}</arg>
<arg>${user_id}</arg>
<doc>Runs the specified keyword and returns the status as a Boolean value.</doc>
<status status="PASS" start="2026-08-23T18:12:12.416810" elapsed="0.000432"/>
</kw>
<if>
<branch type="IF" condition="${exists}">
<kw name="Get From Dictionary" owner="Collections">
<var>${user_data}</var>
<arg>${grouped}</arg>
<arg>${user_id}</arg>
<doc>Returns a value from the given ``dictionary`` based on the given ``key``.</doc>
<status status="NOT RUN" start="2026-08-23T18:12:12.417366" elapsed="0.000012"/>
</kw>
<kw name="Get From Dictionary" owner="Collections">
<var>${titles}</var>
<arg>${user_data}</arg>
<arg>titles</arg>
<doc>Returns a value from the given ``dictionary`` based on the given ``key``.</doc>
<status status="NOT RUN" start="2026-08-23T18:12:12.417437" elapsed="0.000015"/>
</kw>
<kw name="Append To List" owner="Collections">
<arg>${titles}</arg>
<arg>${title}</arg>
<doc>Adds ``values`` to the end of ``list``.</doc>
<status status="NOT RUN" start="2026-08-23T18:12:12.417562" elapsed="0.000015"/>
</kw>
<kw name="Get From Dictionary" owner="Collections">
<var>${count}</var>
<arg>${user_data}</arg>
<arg>totalPosts</arg>
<doc>Returns a value from the given ``dictionary`` based on the given ``key``.</doc>
<status status="NOT RUN" start="2026-08-23T18:12:12.417661" elapsed="0.000013"/>
</kw>
<kw name="Evaluate" owner="BuiltIn">
<var>${count}</var>
<arg>${count} + 1</arg>
<doc>Evaluates the given expression in Python and returns the result.</doc>
<status status="NOT RUN" start="2026-08-23T18:12:12.417743" elapsed="0.000014"/>
</kw>
<kw name="Set To Dictionary" owner="Collections">
<arg>${user_data}</arg>
<arg>totalPosts=${count}</arg>
<doc>Adds the given ``key_value_pairs`` and/or ``items`` to the ``dictionary``.</doc>
<status status="NOT RUN" start="2026-08-23T18:12:12.417805" elapsed="0.000010"/>
</kw>
<status status="NOT RUN" start="2026-08-23T18:12:12.417286" elapsed="0.000546"/>
</branch>
<branch type="ELSE">
<kw name="Create List" owner="BuiltIn">
<msg time="2026-08-23T18:12:12.418069" level="INFO">${titles} = ['et ea vero quia laudantium autem']</msg>
<var>${titles}</var>
<arg>${title}</arg>
<doc>Returns a list containing given items.</doc>
<status status="PASS" start="2026-08-23T18:12:12.417891" elapsed="0.000194"/>
</kw>
<kw name="Create Dictionary" owner="BuiltIn">
<msg time="2026-08-23T18:12:12.418589" level="INFO">${user_data} = {'userId': 2, 'titles': ['et ea vero quia laudantium autem'], 'totalPosts': 1}</msg>
<var>${user_data}</var>
<arg>userId=${user_id}</arg>
<arg>titles=${titles}</arg>
<arg>totalPosts=${1}</arg>
<doc>Creates and returns a dictionary based on the given ``items``.</doc>
<status status="PASS" start="2026-08-23T18:12:12.418167" elapsed="0.000438"/>
</kw>
<kw name="Set To Dictionary" owner="Collections">
<arg>${grouped}</arg>
<arg>${user_id}</arg>
<arg>${user_data}</arg>
<doc>Adds the given ``key_value_pairs`` and/or ``items`` to the ``dictionary``.</doc>
<status status="PASS" start="2026-08-23T18:12:12.418667" elapsed="0.000120"/>
</kw>
<status status="PASS" start="2026-08-23T18:12:12.417847" elapsed="0.000964"/>
</branch>
<status status="PASS" start="2026-08-23T18:12:12.417275" elapsed="0.001550"/>
</if>
<var name="${post}">{'userId': 2, 'id': 11, 'title': 'et ea vero quia laudantium autem', 'body': 'delectus reiciendis molestiae occaecati non minima eveniet qui voluptatibus\naccusamus in eum beatae sit\nvel qui neque vo...</var>
<status status="PASS" start="2026-08-23T18:12:12.416416" elapsed="0.002423"/>
</iter>
<iter>
<kw name="Get From Dictionary" owner="Collections">
<msg time="2026-08-23T18:12:12.419096" level="INFO">${user_id} = 2</msg>
<var>${user_id}</var>
<arg>${post}</arg>
<arg>userId</arg>
<doc>Returns a value from the given ``dictionary`` based on the given ``key``.</doc>
<status status="PASS" start="2026-08-23T18:12:12.418994" elapsed="0.000117"/>
</kw>
<kw name="Get From Dictionary" owner="Collections">
<msg time="2026-08-23T18:12:12.419253" level="INFO">${title} = in quibusdam tempore odit est dolorem</msg>
<var>${title}</var>
<arg>${post}</arg>
<arg>title</arg>
<doc>Returns a value from the given ``dictionary`` based on the given ``key``.</doc>
<status status="PASS" start="2026-08-23T18:12:12.419167" elapsed="0.000100"/>
</kw>
<kw name="Run Keyword And Return Status" owner="BuiltIn">
<kw name="Dictionary Should Contain Key" owner="Collections">
<arg>${grouped}</arg>
<arg>${user_id}</arg>
<doc>Fails if ``key`` is not found from ``dictionary``.</doc>
<status status="PASS" start="2026-08-23T18:12:12.419484" elapsed="0.000102"/>
</kw>
<msg time="2026-08-23T18:12:12.419631" level="INFO">${exists} = True</msg>
<var>${exists}</var>
<arg>Dictionary Should Contain Key</arg>
<arg>${grouped}</arg>
<arg>${user_id}</arg>
<doc>Runs the specified keyword and returns the status as a Boolean value.</doc>
<status status="PASS" start="2026-08-23T18:12:12.419324" elapsed="0.000321"/>
</kw>
<if>
<branch type="IF" condition="${exists}">
<kw name="Get From Dictionary" owner="Collections">
<msg time="2026-08-23T18:12:12.419867" level="INFO">${user_data} = {'userId': 2, 'titles': ['et ea vero quia laudantium autem'], 'totalPosts': 1}</msg>
<var>${user_data}</var>
<arg>${grouped}</arg>
<arg>${user_id}</arg>
<doc>Returns a value from the given ``dictionary`` based on the given ``key``.</doc>
<status status="PASS" start="2026-08-23T18:12:12.419756" elapsed="0.000132"/>
</kw>
<kw name="Get From Dictionary" owner="Collections">
<msg time="2026-08-23T18:12:12.420145" level="INFO">${titles} = ['et ea vero quia laudantium autem']</msg>
<var>${titles}</var>
<arg>${user_data}</arg>
<arg>titles</arg>
<doc>Returns a value from the given ``dictionary`` based on the given ``key``.</doc>
<status status="PASS" start="2026-08-23T18:12:12.420001" elapsed="0.000164"/>
</kw>
<kw name="Append To List" owner="Collections">
<arg>${titles}</arg>
<arg>${title}</arg>
<doc>Adds ``values`` to the end of ``list``.</doc>
<status status="PASS" start="2026-08-23T18:12:12.420231" elapsed="0.000165"/>
</kw>
<kw name="Get From Dictionary" owner="Collections">
<msg time="2026-08-23T18:12:12.420609" level="INFO">${count} = 1</msg>
<var>${count}</var>
<arg>${user_data}</arg>
<arg>totalPosts</arg>
<doc>Returns a value from the given ``dictionary`` based on the given ``key``.</doc>
<status status="PASS" start="2026-08-23T18:12:12.420485" elapsed="0.000140"/>
</kw>
<kw name="Evaluate" owner="BuiltIn">
<msg time="2026-08-23T18:12:12.420905" level="INFO">${count} = 2</msg>
<var>${count}</var>
<arg>${count} + 1</arg>
<doc>Evaluates the given expression in Python and returns the result.</doc>
<status status="PASS" start="2026-08-23T18:12:12.420693" elapsed="0.000230"/>
</kw>
<kw name="Set To Dictionary" owner="Collections">
<arg>${user_data}</arg>
<arg>totalPosts=${count}</arg>
<doc>Adds the given ``key_value_pairs`` and/or ``items`` to the ``dictionary``.</doc>
<status status="PASS" start="2026-08-23T18:12:12.420986" elapsed="0.000119"/>
</kw>
<status status="PASS" start="2026-08-23T18:12:12.419685" elapsed="0.001444"/>
</branch>
<branch type="ELSE">
<kw name="Create List" owner="BuiltIn">
<var>${titles}</var>
<arg>${title}</arg>
<doc>Returns a list containing given items.</doc>
<status status="NOT RUN" start="2026-08-23T18:12:12.421204" elapsed="0.000012"/>
</kw>
<kw name="Create Dictionary" owner="BuiltIn">
<var>${user_data}</var>
<arg>userId=${user_id}</arg>
<arg>titles=${titles}</arg>
<arg>totalPosts=${1}</arg>
<doc>Creates and returns a dictionary based on the given ``items``.</doc>
<status status="NOT RUN" start="2026-08-23T18:12:12.421275" elapsed="0.000013"/>
</kw>
<kw name="Set To Dictionary" owner="Collections">
<arg>${grouped}</arg>
<arg>${user_id}</arg>
<arg>${user_data}</arg>
<doc>Adds the given ``key_value_pairs`` and/or ``items`` to the ``dictionary``.</doc>
<status status="NOT RUN" start="2026-08-23T18:12:12.421339" elapsed="0.000010"/>
</kw>
<status status="NOT RUN" start="2026-08-23T18:12:12.421146" elapsed="0.000222"/>
</branch>
<status status="PASS" start="2026-08-23T18:12:12.419674" elapsed="0.001706"/>
</if>
<var name="${post}">{'userId': 2, 'id': 12, 'title': 'in quibusdam tempore odit est dolorem', 'body': 'itaque id aut magnam\npraesentium quia et ea odit et ea voluptas et\nsapiente quia nihil amet occaecati quia id volup...</var>
<status status="PASS" start="2026-08-23T18:12:12.418946" elapsed="0.002448"/>
</iter>
<iter>
<kw name="Get From Dictionary" owner="Collections">
<msg time="2026-08-23T18:12:12.421675" level="INFO">${user_id} = 2</msg>
<var>${user_id}</var>
<arg>${post}</arg>
<arg>userId</arg>
<doc>Returns a value from the given ``dictionary`` based on the given ``key``.</doc>
<status status="PASS" start="2026-08-23T18:12:12.421559" elapsed="0.000132"/>
</kw>
<kw name="Get From Dictionary" owner="Collections">
<msg time="2026-08-23T18:12:12.421835" level="INFO">${title} = dolorum ut in voluptas mollitia et saepe quo animi</msg>
<var>${title}</var>
<arg>${post}</arg>
<arg>title</arg>
<doc>Returns a value from the given ``dictionary`` based on the given ``key``.</doc>
<status status="PASS" start="2026-08-23T18:12:12.421745" elapsed="0.000104"/>
</kw>
<kw name="Run Keyword And Return Status" owner="BuiltIn">
<kw name="Dictionary Should Contain Key" owner="Collections">
<arg>${grouped}</arg>
<arg>${user_id}</arg>
<doc>Fails if ``key`` is not found from ``dictionary``.</doc>
<status status="PASS" start="2026-08-23T18:12:12.422079" elapsed="0.000102"/>
</kw>
<msg time="2026-08-23T18:12:12.422232" level="INFO">${exists} = True</msg>
<var>${exists}</var>
<arg>Dictionary Should Contain Key</arg>
<arg>${grouped}</arg>
<arg>${user_id}</arg>
<doc>Runs the specified keyword and returns the status as a Boolean value.</doc>
<status status="PASS" start="2026-08-23T18:12:12.421909" elapsed="0.000336"/>
</kw>
<if>
<branch type="IF" condition="${exists}">
<kw name="Get From Dictionary" owner="Collections">
<msg time="2026-08-23T18:12:12.422476" level="INFO">${user_data} = {'userId': 2, 'titles': ['et ea vero quia laudantium autem', 'in quibusdam tempore odit est dolorem'], 'totalPosts': 2}</msg>
<var>${user_data}</var>
<arg>${grouped}</arg>
<arg>${user_id}</arg>
<doc>Returns a value from the given ``dictionary`` based on the given ``key``.</doc>
<status status="PASS" start="2026-08-23T18:12:12.422366" elapsed="0.000126"/>
</kw>
<kw name="Get From Dictionary" owner="Collections">
<msg time="2026-08-23T18:12:12.422664" level="INFO">${titles} = ['et ea vero quia laudantium autem', 'in quibusdam tempore odit est dolorem']</msg>
<var>${titles}</var>
<arg>${user_data}</arg>
<arg>titles</arg>
<doc>Returns a value from the given ``dictionary`` based on the given ``key``.</doc>
<status status="PASS" start="2026-08-23T18:12:12.422567" elapsed="0.000111"/>
</kw>
<kw name="Append To List" owner="Collections">
<arg>${titles}</arg>
<arg>${title}</arg>
<doc>Adds ``values`` to the end of ``list``.</doc>
<status status="PASS" start="2026-08-23T18:12:12.422730" elapsed="0.000090"/>
</kw>
<kw name="Get From Dictionary" owner="Collections">
<msg time="2026-08-23T18:12:12.422956" level="INFO">${count} = 2</msg>
<var>${count}</var>
<arg>${user_data}</arg>
<arg>totalPosts</arg>
<doc>Returns a value from the given ``dictionary`` based on the given ``key``.</doc>
<status status="PASS" start="2026-08-23T18:12:12.422874" elapsed="0.000096"/>
</kw>
<kw name="Evaluate" owner="BuiltIn">
<msg time="2026-08-23T18:12:12.423214" level="INFO">${count} = 3</msg>
<var>${count}</var>
<arg>${count} + 1</arg>
<doc>Evaluates the given expression in Python and returns the result.</doc>
<status status="PASS" start="2026-08-23T18:12:12.423023" elapsed="0.000207"/>
</kw>
<kw name="Set To Dictionary" owner="Collections">
<arg>${user_data}</arg>
<arg>totalPosts=${count}</arg>
<doc>Adds the given ``key_value_pairs`` and/or ``items`` to the ``dictionary``.</doc>
<status status="PASS" start="2026-08-23T18:12:12.423288" elapsed="0.000114"/>
</kw>
<status status="PASS" start="2026-08-23T18:12:12.422296" elapsed="0.001127"/>
</branch>
<branch type="ELSE">
[...]
<status status="PASS" start="2026-08-23T18:12:12.667975" elapsed="0.000075"/>
</kw>
<kw name="Dictionary Should Contain Key" owner="Collections">
<arg>${item}</arg>
<arg>totalPosts</arg>
<doc>Fails if ``key`` is not found from ``dictionary``.</doc>
<status status="PASS" start="2026-08-23T18:12:12.668101" elapsed="0.000074"/>
</kw>
<kw name="Should Not Be Empty" owner="BuiltIn">
<msg time="2026-08-23T18:12:12.668379" level="INFO">Length is 392.</msg>
<arg>${item}[titles]</arg>
<doc>Verifies that the given item is not empty.</doc>
<status status="PASS" start="2026-08-23T18:12:12.668225" elapsed="0.000180"/>
</kw>
<kw name="Should Be True" owner="BuiltIn">
<arg>${item}[totalPosts] &gt; 0</arg>
<doc>Fails if the given condition is not true.</doc>
<status status="PASS" start="2026-08-23T18:12:12.668458" elapsed="0.000240"/>
</kw>
<var name="${item}">{'userId': 7, 'titles': 'voluptatem doloribus consectetur est ut ducimus, beatae enim quia vel, voluptas blanditiis repellendus animi ducimus error sapiente et suscipit, et fugit quas eum in in aperia...</var>
<status status="PASS" start="2026-08-23T18:12:12.667777" elapsed="0.000961"/>
</iter>
<iter>
<kw name="Dictionary Should Contain Key" owner="Collections">
<arg>${item}</arg>
<arg>userId</arg>
<doc>Fails if ``key`` is not found from ``dictionary``.</doc>
<status status="PASS" start="2026-08-23T18:12:12.668880" elapsed="0.000094"/>
</kw>
<kw name="Dictionary Should Contain Key" owner="Collections">
<arg>${item}</arg>
<arg>titles</arg>
<doc>Fails if ``key`` is not found from ``dictionary``.</doc>
<status status="PASS" start="2026-08-23T18:12:12.669029" elapsed="0.000082"/>
</kw>
<kw name="Dictionary Should Contain Key" owner="Collections">
<arg>${item}</arg>
<arg>totalPosts</arg>
<doc>Fails if ``key`` is not found from ``dictionary``.</doc>
<status status="PASS" start="2026-08-23T18:12:12.669163" elapsed="0.000082"/>
</kw>
<kw name="Should Not Be Empty" owner="BuiltIn">
<msg time="2026-08-23T18:12:12.669449" level="INFO">Length is 454.</msg>
<arg>${item}[titles]</arg>
<doc>Verifies that the given item is not empty.</doc>
<status status="PASS" start="2026-08-23T18:12:12.669294" elapsed="0.000180"/>
</kw>
<kw name="Should Be True" owner="BuiltIn">
<arg>${item}[totalPosts] &gt; 0</arg>
<doc>Fails if the given condition is not true.</doc>
<status status="PASS" start="2026-08-23T18:12:12.669526" elapsed="0.000168"/>
</kw>
<var name="${item}">{'userId': 8, 'titles': 'et iusto veniam et illum aut fuga, sint hic doloribus consequatur eos non id, consequuntur deleniti eos quia temporibus ab aliquid at, enim unde ratione doloribus quas enim ut...</var>
<status status="PASS" start="2026-08-23T18:12:12.668828" elapsed="0.000890"/>
</iter>
<iter>
<kw name="Dictionary Should Contain Key" owner="Collections">
<arg>${item}</arg>
<arg>userId</arg>
<doc>Fails if ``key`` is not found from ``dictionary``.</doc>
<status status="PASS" start="2026-08-23T18:12:12.669835" elapsed="0.000174"/>
</kw>
<kw name="Dictionary Should Contain Key" owner="Collections">
<arg>${item}</arg>
<arg>titles</arg>
<doc>Fails if ``key`` is not found from ``dictionary``.</doc>
<status status="PASS" start="2026-08-23T18:12:12.670101" elapsed="0.000107"/>
</kw>
<kw name="Dictionary Should Contain Key" owner="Collections">
<arg>${item}</arg>
<arg>totalPosts</arg>
<doc>Fails if ``key`` is not found from ``dictionary``.</doc>
<status status="PASS" start="2026-08-23T18:12:12.670271" elapsed="0.000094"/>
</kw>
<kw name="Should Not Be Empty" owner="BuiltIn">
<msg time="2026-08-23T18:12:12.670637" level="INFO">Length is 441.</msg>
<arg>${item}[titles]</arg>
<doc>Verifies that the given item is not empty.</doc>
<status status="PASS" start="2026-08-23T18:12:12.670436" elapsed="0.000227"/>
</kw>
<kw name="Should Be True" owner="BuiltIn">
<arg>${item}[totalPosts] &gt; 0</arg>
<doc>Fails if the given condition is not true.</doc>
<status status="PASS" start="2026-08-23T18:12:12.670722" elapsed="0.000181"/>
</kw>
<var name="${item}">{'userId': 9, 'titles': 'tempora rem veritatis voluptas quo dolores vero, laudantium voluptate suscipit sunt enim enim, odit et voluptates doloribus alias odio et, optio ipsam molestias necessitatibus...</var>
<status status="PASS" start="2026-08-23T18:12:12.669787" elapsed="0.001139"/>
</iter>
<iter>
<kw name="Dictionary Should Contain Key" owner="Collections">
<arg>${item}</arg>
<arg>userId</arg>
<doc>Fails if ``key`` is not found from ``dictionary``.</doc>
<status status="PASS" start="2026-08-23T18:12:12.671043" elapsed="0.000080"/>
</kw>
<kw name="Dictionary Should Contain Key" owner="Collections">
<arg>${item}</arg>
<arg>titles</arg>
<doc>Fails if ``key`` is not found from ``dictionary``.</doc>
<status status="PASS" start="2026-08-23T18:12:12.671178" elapsed="0.000071"/>
</kw>
<kw name="Dictionary Should Contain Key" owner="Collections">
<arg>${item}</arg>
<arg>totalPosts</arg>
<doc>Fails if ``key`` is not found from ``dictionary``.</doc>
<status status="PASS" start="2026-08-23T18:12:12.671297" elapsed="0.000074"/>
</kw>
<kw name="Should Not Be Empty" owner="BuiltIn">
<msg time="2026-08-23T18:12:12.671574" level="INFO">Length is 372.</msg>
<arg>${item}[titles]</arg>
<doc>Verifies that the given item is not empty.</doc>
<status status="PASS" start="2026-08-23T18:12:12.671420" elapsed="0.000200"/>
</kw>
<kw name="Should Be True" owner="BuiltIn">
<arg>${item}[totalPosts] &gt; 0</arg>
<doc>Fails if the given condition is not true.</doc>
<status status="PASS" start="2026-08-23T18:12:12.671679" elapsed="0.000205"/>
</kw>
<var name="${item}">{'userId': 10, 'titles': 'aut amet sed, ratione ex tenetur perferendis, beatae soluta recusandae, qui qui voluptates illo iste minima, id minus libero illum nam ad officiis, quaerat velit veniam amet ...</var>
<status status="PASS" start="2026-08-23T18:12:12.670999" elapsed="0.000909"/>
</iter>
<var>${item}</var>
<value>@{results}</value>
<status status="PASS" start="2026-08-23T18:12:12.660585" elapsed="0.011366"/>
</for>
<status status="PASS" start="2026-08-23T18:12:12.660544" elapsed="0.011433"/>
</group>
<group name="Print final Output">
<kw name="Print Final Output" owner="api_keyword">
<kw name="Evaluate" owner="BuiltIn">
<msg time="2026-08-23T18:12:12.673966" level="INFO">${json_result} = [
  {
    "userId": 1,
    "titles": "sunt aut facere repellat provident occaecati excepturi optio reprehenderit, qui est esse, ea molestias quasi exercitationem repellat qui ipsa sit aut, eum et est ...</msg>
<var>${json_result}</var>
<arg>json.dumps(${results}, indent=2, ensure_ascii=False)</arg>
<arg>json</arg>
<doc>Evaluates the given expression in Python and returns the result.</doc>
<status status="PASS" start="2026-08-23T18:12:12.673096" elapsed="0.000894"/>
</kw>
<kw name="Set Test Message" owner="BuiltIn">
<msg time="2026-08-23T18:12:12.674476" level="INFO">Set test message to:
[
  {
    "userId": 1,
    "titles": "sunt aut facere repellat provident occaecati excepturi optio reprehenderit, qui est esse, ea molestias quasi exercitationem repellat qui ipsa sit aut, eum et est occaecati, nesciunt quas odio, dolorem eum magni eos aperiam quia, magnam facilis autem, dolorem dolore est ipsam, nesciunt iure omnis dolorem tempora et accusantium, optio molestias id quia eum",
    "totalPosts": 10
  },
  {
    "userId": 2,
    "titles": "et ea vero quia laudantium autem, in quibusdam tempore odit est dolorem, dolorum ut in voluptas mollitia et saepe quo animi, voluptatem eligendi optio, eveniet quod temporibus, sint suscipit perspiciatis velit dolorum rerum ipsa laboriosam odio, fugit voluptas sed molestias voluptatem provident, voluptate et itaque vero tempora molestiae, adipisci placeat illum aut reiciendis qui, doloribus ad provident suscipit at",
    "totalPosts": 10
  },
  {
    "userId": 3,
    "titles": "asperiores ea ipsam voluptatibus modi minima quia sint, dolor sint quo a velit explicabo quia nam, maxime id vitae nihil numquam, autem hic labore sunt dolores incidunt, rem alias distinctio quo quis, est et quae odit qui non, quasi id et eos tenetur aut quo autem, delectus ullam et corporis nulla voluptas sequi, iusto eius quod necessitatibus culpa ea, a quo magni similique perferendis",
    "totalPosts": 10
  },
  {
    "userId": 4,
    "titles": "ullam ut quidem id aut vel consequuntur, doloremque illum aliquid sunt, qui explicabo molestiae dolorem, magnam ut rerum iure, id nihil consequatur molestias animi provident, fuga nam accusamus voluptas reiciendis itaque, provident vel ut sit ratione est, explicabo et eos deleniti nostrum ab id repellendus, eos dolorem iste accusantium est eaque quam, enim quo cumque",
    "totalPosts": 10
  },
  {
    "userId": 5,
    "titles": "non est facere, commodi ullam sint et excepturi error explicabo praesentium voluptas, eligendi iste nostrum consequuntur adipisci praesentium sit beatae perferendis, optio dolor molestias sit, ut numquam possimus omnis eius suscipit laudantium iure, aut quo modi neque nostrum ducimus, quibusdam cumque rem aut deserunt, ut voluptatem illum ea doloribus itaque eos, laborum non sunt aut ut assumenda perspiciatis voluptas, repellendus qui recusandae incidunt voluptates tenetur qui omnis exercitationem",
    "totalPosts": 10
  },
  {
    "userId": 6,
    "titles": "soluta aliquam aperiam consequatur illo quis voluptas, qui enim et consequuntur quia animi quis voluptate quibusdam, ut quo aut ducimus alias, sit asperiores ipsam eveniet odio non quia, sit vel voluptatem et non libero, qui et at rerum necessitatibus, sed ab est est, voluptatum itaque dolores nisi et quasi, qui commodi dolor at maiores et quis id accusantium, consequatur placeat omnis quisquam quia reprehenderit fugit veritatis facere",
    "totalPosts": 10
  },
  {
    "userId": 7,
    "titles": "voluptatem doloribus consectetur est ut ducimus, beatae enim quia vel, voluptas blanditiis repellendus animi ducimus error sapiente et suscipit, et fugit quas eum in in aperiam quod, consequatur id enim sunt et et, repudiandae ea animi iusto, aliquid eos sed fuga est maxime repellendus, odio quis facere architecto reiciendis optio, fugiat quod pariatur odit minima, voluptatem laborum magni",
    "totalPosts": 10
  },
  {
    "userId": 8,
    "titles": "et iusto veniam et illum aut fuga, sint hic doloribus consequatur eos non id, consequuntur deleniti eos quia temporibus ab aliquid at, enim unde ratione doloribus quas enim ut sit sapiente, dignissimos eum dolor ut enim et delectus in, doloremque officiis ad et non perferendis, necessitatibus quasi exercitationem odio, quam voluptatibus rerum veritatis, pariatur consequatur quia magnam autem omnis non amet, labore in ex et explicabo corporis aut quas",
    "totalPosts": 10
  },
  {
    "userId": 9,
    "titles": "tempora rem veritatis voluptas quo dolores vero, laudantium voluptate suscipit sunt enim enim, odit et voluptates doloribus alias odio et, optio ipsam molestias necessitatibus occaecati facilis veritatis dolores aut, dolore veritatis porro provident adipisci blanditiis et sunt, placeat quia et porro iste, nostrum quis quasi placeat, sapiente omnis fugit eos, sint soluta et vel magnam aut ut sed qui, ad iusto omnis odit dolor voluptatibus",
    "totalPosts": 10
  },
  {
    "userId": 10,
    "titles": "aut amet sed, ratione ex tenetur perferendis, beatae soluta recusandae, qui qui voluptates illo iste minima, id minus libero illum nam ad officiis, quaerat velit veniam amet cupiditate aut numquam ut sequi, quas fugiat ut perspiciatis vero provident, laboriosam dolor voluptates, temporibus sit alias delectus eligendi possimus magni, at nam consequatur ea labore ea harum",
    "totalPosts": 10
  }
]</msg>
<arg>${json_result}</arg>
<doc>Sets message for the current test case.</doc>
<status status="PASS" start="2026-08-23T18:12:12.674077" elapsed="0.000483"/>
</kw>
<kw name="Catenate" owner="BuiltIn">
<msg time="2026-08-23T18:12:12.675203" level="INFO">${html_content} = &lt;html&gt;
&lt;head&gt;&lt;meta charset="UTF-8"&gt;&lt;title&gt;Posts grouped by userId&lt;/title&gt;&lt;/head&gt;
&lt;body&gt;
&lt;h2&gt;Posts grouped by userId&lt;/h2&gt;
&lt;pre&gt;[
  {
    "userId": 1,
    "titles": "sunt aut facere repellat provident o...</msg>
<var>${html_content}</var>
<arg>SEPARATOR=\n</arg>
<arg>&lt;html&gt;</arg>
<arg>&lt;head&gt;&lt;meta charset="UTF-8"&gt;&lt;title&gt;Posts grouped by userId&lt;/title&gt;&lt;/head&gt;</arg>
<arg>&lt;body&gt;</arg>
<arg>&lt;h2&gt;Posts grouped by userId&lt;/h2&gt;</arg>
<arg>&lt;pre&gt;${json_result}&lt;/pre&gt;</arg>
<arg>&lt;/body&gt;</arg>
<arg>&lt;/html&gt;</arg>
<doc>Catenates the given items together and returns the resulted string.</doc>
<status status="PASS" start="2026-08-23T18:12:12.674709" elapsed="0.000526"/>
</kw>
<kw name="Create File" owner="OperatingSystem">
<msg time="2026-08-23T18:12:12.676555" level="INFO" html="true">Created file '&lt;a href="file://C:\Users\Patch\Downloads\exam_patcharaphol\testscript\output\output.html"&gt;C:\Users\Patch\Downloads\exam_patcharaphol\testscript\output\output.html&lt;/a&gt;'.</msg>
<arg>${OUTPUT_DIR}/../output/output.html</arg>
<arg>${html_content}</arg>
<arg>encoding=UTF-8</arg>
<doc>Creates a file with the given content and encoding.</doc>
<status status="PASS" start="2026-08-23T18:12:12.675378" elapsed="0.001241"/>
</kw>
<kw name="File Should Exist" owner="OperatingSystem">
<msg time="2026-08-23T18:12:12.676941" level="INFO" html="true">File '&lt;a href="file://C:\Users\Patch\Downloads\exam_patcharaphol\testscript\output\output.html"&gt;C:\Users\Patch\Downloads\exam_patcharaphol\testscript\output\output.html&lt;/a&gt;' exists.</msg>
<arg>${OUTPUT_DIR}/../output/output.html</arg>
<doc>Fails unless the given ``path`` points to an existing file.</doc>
<status status="PASS" start="2026-08-23T18:12:12.676753" elapsed="0.000239"/>
</kw>
<kw name="Log" owner="BuiltIn">
<msg time="2026-08-23T18:12:12.677284" level="INFO">output.html written to: C:\Users\Patch\Downloads\exam_patcharaphol\testscript\api/../output/output.html</msg>
<arg>output.html written to: ${OUTPUT_DIR}/../output/output.html</arg>
<arg>INFO</arg>
<doc>Logs the given message with the given level.</doc>
<status status="PASS" start="2026-08-23T18:12:12.677070" elapsed="0.000250"/>
</kw>
<arg>results=${results}</arg>
<status status="PASS" start="2026-08-23T18:12:12.672593" elapsed="0.004773"/>
</kw>
<status status="PASS" start="2026-08-23T18:12:12.672232" elapsed="0.005152"/>
</group>
<doc>Retrieve posts and group them by userId</doc>
<status status="PASS" start="2026-08-23T18:12:12.314671" elapsed="0.362909">[
  {
    "userId": 1,
    "titles": "sunt aut facere repellat provident occaecati excepturi optio reprehenderit, qui est esse, ea molestias quasi exercitationem repellat qui ipsa sit aut, eum et est occaecati, nesciunt quas odio, dolorem eum magni eos aperiam quia, magnam facilis autem, dolorem dolore est ipsam, nesciunt iure omnis dolorem tempora et accusantium, optio molestias id quia eum",
    "totalPosts": 10
  },
  {
    "userId": 2,
    "titles": "et ea vero quia laudantium autem, in quibusdam tempore odit est dolorem, dolorum ut in voluptas mollitia et saepe quo animi, voluptatem eligendi optio, eveniet quod temporibus, sint suscipit perspiciatis velit dolorum rerum ipsa laboriosam odio, fugit voluptas sed molestias voluptatem provident, voluptate et itaque vero tempora molestiae, adipisci placeat illum aut reiciendis qui, doloribus ad provident suscipit at",
    "totalPosts": 10
  },
  {
    "userId": 3,
    "titles": "asperiores ea ipsam voluptatibus modi minima quia sint, dolor sint quo a velit explicabo quia nam, maxime id vitae nihil numquam, autem hic labore sunt dolores incidunt, rem alias distinctio quo quis, est et quae odit qui non, quasi id et eos tenetur aut quo autem, delectus ullam et corporis nulla voluptas sequi, iusto eius quod necessitatibus culpa ea, a quo magni similique perferendis",
    "totalPosts": 10
  },
  {
    "userId": 4,
    "titles": "ullam ut quidem id aut vel consequuntur, doloremque illum aliquid sunt, qui explicabo molestiae dolorem, magnam ut rerum iure, id nihil consequatur molestias animi provident, fuga nam accusamus voluptas reiciendis itaque, provident vel ut sit ratione est, explicabo et eos deleniti nostrum ab id repellendus, eos dolorem iste accusantium est eaque quam, enim quo cumque",
    "totalPosts": 10
  },
  {
    "userId": 5,
    "titles": "non est facere, commodi ullam sint et excepturi error explicabo praesentium voluptas, eligendi iste nostrum consequuntur adipisci praesentium sit beatae perferendis, optio dolor molestias sit, ut numquam possimus omnis eius suscipit laudantium iure, aut quo modi neque nostrum ducimus, quibusdam cumque rem aut deserunt, ut voluptatem illum ea doloribus itaque eos, laborum non sunt aut ut assumenda perspiciatis voluptas, repellendus qui recusandae incidunt voluptates tenetur qui omnis exercitationem",
    "totalPosts": 10
  },
  {
    "userId": 6,
    "titles": "soluta aliquam aperiam consequatur illo quis voluptas, qui enim et consequuntur quia animi quis voluptate quibusdam, ut quo aut ducimus alias, sit asperiores ipsam eveniet odio non quia, sit vel voluptatem et non libero, qui et at rerum necessitatibus, sed ab est est, voluptatum itaque dolores nisi et quasi, qui commodi dolor at maiores et quis id accusantium, consequatur placeat omnis quisquam quia reprehenderit fugit veritatis facere",
    "totalPosts": 10
  },
  {
    "userId": 7,
    "titles": "voluptatem doloribus consectetur est ut ducimus, beatae enim quia vel, voluptas blanditiis repellendus animi ducimus error sapiente et suscipit, et fugit quas eum in in aperiam quod, consequatur id enim sunt et et, repudiandae ea animi iusto, aliquid eos sed fuga est maxime repellendus, odio quis facere architecto reiciendis optio, fugiat quod pariatur odit minima, voluptatem laborum magni",
    "totalPosts": 10
  },
  {
    "userId": 8,
    "titles": "et iusto veniam et illum aut fuga, sint hic doloribus consequatur eos non id, consequuntur deleniti eos quia temporibus ab aliquid at, enim unde ratione doloribus quas enim ut sit sapiente, dignissimos eum dolor ut enim et delectus in, doloremque officiis ad et non perferendis, necessitatibus quasi exercitationem odio, quam voluptatibus rerum veritatis, pariatur consequatur quia magnam autem omnis non amet, labore in ex et explicabo corporis aut quas",
    "totalPosts": 10
  },
  {
    "userId": 9,
    "titles": "tempora rem veritatis voluptas quo dolores vero, laudantium voluptate suscipit sunt enim enim, odit et voluptates doloribus alias odio et, optio ipsam molestias necessitatibus occaecati facilis veritatis dolores aut, dolore veritatis porro provident adipisci blanditiis et sunt, placeat quia et porro iste, nostrum quis quasi placeat, sapiente omnis fugit eos, sint soluta et vel magnam aut ut sed qui, ad iusto omnis odit dolor voluptatibus",
    "totalPosts": 10
  },
  {
    "userId": 10,
    "titles": "aut amet sed, ratione ex tenetur perferendis, beatae soluta recusandae, qui qui voluptates illo iste minima, id minus libero illum nam ad officiis, quaerat velit veniam amet cupiditate aut numquam ut sequi, quas fugiat ut perspiciatis vero provident, laboriosam dolor voluptates, temporibus sit alias delectus eligendi possimus magni, at nam consequatur ea labore ea harum",
    "totalPosts": 10
  }
]</status>
</test>
<status status="PASS" start="2026-08-23T18:12:12.222083" elapsed="0.456094"/>
</suite>
<statistics>
<total>
<stat pass="1" fail="0" skip="0">All Tests</stat>
</total>
<tag>
</tag>
<suite>
<stat name="Posts By User" id="s1" pass="1" fail="0" skip="0">Posts By User</stat>
</suite>
</statistics>
<errors>
</errors>
</robot>
